#
# There is insufficient memory for the Java Runtime Environment to continue.
# Native memory allocation (malloc) failed to allocate 32744 bytes for ChunkPool::allocate
# Possible reasons:
#   The system is out of physical RAM or swap space
#   In 32 bit mode, the process size limit was hit
# Possible solutions:
#   Reduce memory load on the system
#   Increase physical memory or swap space
#   Check if swap backing store is full
#   Use 64 bit Java on a 64 bit OS
#   Decrease Java heap size (-Xmx/-Xms)
#   Decrease number of Java threads
#   Decrease Java thread stack sizes (-Xss)
#   Set larger code cache with -XX:ReservedCodeCacheSize=
# This output file may be truncated or incomplete.
#
#  Out of Memory Error (allocation.cpp:273), pid=19932, tid=0x0000000000002d14
#
# JRE version: Java(TM) SE Runtime Environment (8.0_161-b12) (build 1.8.0_161-b12)
# Java VM: Java HotSpot(TM) 64-Bit Server VM (25.161-b12 mixed mode windows-amd64 compressed oops)
# Failed to write core dump. Minidumps are not enabled by default on client versions of Windows
#

---------------  T H R E A D  ---------------

Current thread (0x000000001a399800):  JavaThread "C2 CompilerThread0" daemon [_thread_in_native, id=11540, stack(0x000000001ba00000,0x000000001bb00000)]

Stack: [0x000000001ba00000,0x000000001bb00000]
[error occurred during error reporting (printing stack bounds), id 0xc0000005]

Native frames: (J=compiled Java code, j=interpreted, Vv=VM code, C=native code)


Current CompileTask:
C2:   9692 5348   !   4       java.net.URLClassLoader$1::run (63 bytes)


---------------  P R O C E S S  ---------------

Java Threads: ( => current thread )
  0x00000000211a3800 JavaThread "HikariPool-1 connection adder" daemon [_thread_blocked, id=17860, stack(0x00000000241a0000,0x00000000242a0000)]
  0x000000001f51c000 JavaThread "HikariPool-1 housekeeper" daemon [_thread_blocked, id=13936, stack(0x00000000240a0000,0x00000000241a0000)]
  0x0000000021b3a800 JavaThread "InterruptTimer" daemon [_thread_blocked, id=5500, stack(0x0000000023da0000,0x0000000023ea0000)]
  0x000000001f0ca000 JavaThread "oracle.jdbc.driver.BlockSource.ThreadedCachingBlockSource.BlockReleaser" daemon [_thread_blocked, id=13384, stack(0x0000000022a40000,0x0000000022b40000)]
  0x000000001f0c8800 JavaThread "Timer-0" daemon [_thread_blocked, id=14280, stack(0x000000001e440000,0x000000001e540000)]
  0x000000001bea2000 JavaThread "surefire-forkedjvm-ping-30s" daemon [_thread_in_native, id=4652, stack(0x000000001c400000,0x000000001c500000)]
  0x000000001be24800 JavaThread "surefire-forkedjvm-command-thread" daemon [_thread_in_native, id=14872, stack(0x000000001c300000,0x000000001c400000)]
  0x000000001bd38800 JavaThread "Service Thread" daemon [_thread_blocked, id=13984, stack(0x000000001c100000,0x000000001c200000)]
  0x000000001a39b000 JavaThread "C1 CompilerThread2" daemon [_thread_in_native, id=15568, stack(0x000000001bc00000,0x000000001bd00000)]
  0x000000001a390800 JavaThread "C2 CompilerThread1" daemon [_thread_in_native, id=9180, stack(0x000000001bb00000,0x000000001bc00000)]
=>0x000000001a399800 JavaThread "C2 CompilerThread0" daemon [_thread_in_native, id=11540, stack(0x000000001ba00000,0x000000001bb00000)]
  0x000000001a398800 JavaThread "Attach Listener" daemon [_thread_blocked, id=3036, stack(0x000000001b900000,0x000000001ba00000)]
  0x000000001a397000 JavaThread "Signal Dispatcher" daemon [_thread_blocked, id=18920, stack(0x000000001b800000,0x000000001b900000)]
  0x00000000032ed000 JavaThread "Finalizer" daemon [_thread_blocked, id=1404, stack(0x000000001b5e0000,0x000000001b6e0000)]
  0x00000000032e2000 JavaThread "Reference Handler" daemon [_thread_blocked, id=10156, stack(0x000000001b4e0000,0x000000001b5e0000)]
  0x00000000031f2800 JavaThread "main" [_thread_in_vm, id=5160, stack(0x0000000003090000,0x0000000003190000)]

Other Threads:
  0x000000001a357000 VMThread [stack: 0x000000001b3e0000,0x000000001b4e0000] [id=10116]
  0x000000001a3ec000 WatcherThread [stack: 0x000000001c200000,0x000000001c300000] [id=13076]

VM state:not at safepoint (normal execution)

VM Mutex/Monitor currently owned by a thread: None

Heap:
 PSYoungGen      total 236032K, used 48255K [0x0000000780800000, 0x0000000793300000, 0x00000007c0000000)
  eden space 221696K, 21% used [0x0000000780800000,0x000000078371fca8,0x000000078e080000)
  from space 14336K, 0% used [0x000000078e080000,0x000000078e080000,0x000000078ee80000)
  to   space 15360K, 0% used [0x0000000792400000,0x0000000792400000,0x0000000793300000)
 ParOldGen       total 172032K, used 22864K [0x0000000701800000, 0x000000070c000000, 0x0000000780800000)
  object space 172032K, 13% used [0x0000000701800000,0x0000000702e54100,0x000000070c000000)
 Metaspace       used 59417K, capacity 62310K, committed 62464K, reserved 1103872K
  class space    used 8163K, capacity 8679K, committed 8704K, reserved 1048576K

Card table byte_map: [0x00000000126b0000,0x0000000012cb0000] byte_map_base: 0x000000000eea4000

Marking Bits: (ParMarkBitMap*) 0x0000000057b2f860
 Begin Bits: [0x00000000134b0000, 0x0000000016450000)
 End Bits:   [0x0000000016450000, 0x00000000193f0000)

Polling page: 0x0000000002f40000

CodeCache: size=245760Kb used=16397Kb max_used=16397Kb free=229362Kb
 bounds [0x00000000032f0000, 0x0000000004310000, 0x00000000122f0000]
 total_blobs=5869 nmethods=5289 adapters=491
 compilation: enabled

Compilation events (10 events):
Event: 9.685 Thread 0x000000001a39b000 nmethod 5787 0x00000000042fd990 code [0x00000000042fdb00, 0x00000000042fde68]
Event: 9.685 Thread 0x000000001a39b000 5788       2       org.springframework.cglib.core.MethodWrapper::create (27 bytes)
Event: 9.686 Thread 0x000000001a39b000 nmethod 5788 0x00000000042fe050 code [0x00000000042fe1e0, 0x00000000042fe4e8]
Event: 9.686 Thread 0x000000001a39b000 5789       2       org.springframework.asm.ClassVisitor::visitField (24 bytes)
Event: 9.686 Thread 0x000000001a39b000 nmethod 5789 0x00000000042fe690 code [0x00000000042fe800, 0x00000000042fe9a8]
Event: 9.688 Thread 0x000000001a39b000 5790       1       org.springframework.transaction.interceptor.BeanFactoryTransactionAttributeSourceAdvisor::getPointcut (5 bytes)
Event: 9.688 Thread 0x000000001a39b000 nmethod 5790 0x00000000042fea50 code [0x00000000042feba0, 0x00000000042fecb0]
Event: 9.688 Thread 0x000000001a39b000 5791       2       org.springframework.cglib.core.MethodInfo::hashCode (8 bytes)
Event: 9.689 Thread 0x000000001a39b000 nmethod 5791 0x00000000042fed10 code [0x00000000042feea0, 0x00000000042ff088]
Event: 9.689 Thread 0x000000001a39b000 5792       2       org.springframework.asm.MethodWriter::visitVarInsn (302 bytes)

GC Heap History (10 events):
Event: 4.447 GC heap before
{Heap before GC invocations=8 (full 1):
 PSYoungGen      total 158720K, used 52453K [0x0000000780800000, 0x000000078af80000, 0x00000007c0000000)
  eden space 150528K, 29% used [0x0000000780800000,0x000000078333c3c0,0x0000000789b00000)
  from space 8192K, 99% used [0x000000078a780000,0x000000078af7d2c0,0x000000078af80000)
  to   space 9216K, 0% used [0x0000000789d80000,0x0000000789d80000,0x000000078a680000)
 ParOldGen       total 74752K, used 7050K [0x0000000701800000, 0x0000000706100000, 0x0000000780800000)
  object space 74752K, 9% used [0x0000000701800000,0x0000000701ee2ae8,0x0000000706100000)
 Metaspace       used 33343K, capacity 35320K, committed 35416K, reserved 1079296K
  class space    used 4422K, capacity 4802K, committed 4864K, reserved 1048576K
Event: 4.460 GC heap after
Heap after GC invocations=8 (full 1):
 PSYoungGen      total 162304K, used 8045K [0x0000000780800000, 0x000000078fc80000, 0x00000007c0000000)
  eden space 153088K, 0% used [0x0000000780800000,0x0000000780800000,0x0000000789d80000)
  from space 9216K, 87% used [0x0000000789d80000,0x000000078a55b4f8,0x000000078a680000)
  to   space 9728K, 0% used [0x000000078f300000,0x000000078f300000,0x000000078fc80000)
 ParOldGen       total 74752K, used 7058K [0x0000000701800000, 0x0000000706100000, 0x0000000780800000)
  object space 74752K, 9% used [0x0000000701800000,0x0000000701ee4ae8,0x0000000706100000)
 Metaspace       used 33343K, capacity 35320K, committed 35416K, reserved 1079296K
  class space    used 4422K, capacity 4802K, committed 4864K, reserved 1048576K
}
Event: 4.460 GC heap before
{Heap before GC invocations=9 (full 2):
 PSYoungGen      total 162304K, used 8045K [0x0000000780800000, 0x000000078fc80000, 0x00000007c0000000)
  eden space 153088K, 0% used [0x0000000780800000,0x0000000780800000,0x0000000789d80000)
  from space 9216K, 87% used [0x0000000789d80000,0x000000078a55b4f8,0x000000078a680000)
  to   space 9728K, 0% used [0x000000078f300000,0x000000078f300000,0x000000078fc80000)
 ParOldGen       total 74752K, used 7058K [0x0000000701800000, 0x0000000706100000, 0x0000000780800000)
  object space 74752K, 9% used [0x0000000701800000,0x0000000701ee4ae8,0x0000000706100000)
 Metaspace       used 33343K, capacity 35320K, committed 35416K, reserved 1079296K
  class space    used 4422K, capacity 4802K, committed 4864K, reserved 1048576K
Event: 4.520 GC heap after
Heap after GC invocations=9 (full 2):
 PSYoungGen      total 162304K, used 0K [0x0000000780800000, 0x000000078fc80000, 0x00000007c0000000)
  eden space 153088K, 0% used [0x0000000780800000,0x0000000780800000,0x0000000789d80000)
  from space 9216K, 0% used [0x0000000789d80000,0x0000000789d80000,0x000000078a680000)
  to   space 9728K, 0% used [0x000000078f300000,0x000000078f300000,0x000000078fc80000)
 ParOldGen       total 118272K, used 12991K [0x0000000701800000, 0x0000000708b80000, 0x0000000780800000)
  object space 118272K, 10% used [0x0000000701800000,0x00000007024afc90,0x0000000708b80000)
 Metaspace       used 33343K, capacity 35320K, committed 35416K, reserved 1079296K
  class space    used 4422K, capacity 4802K, committed 4864K, reserved 1048576K
}
Event: 7.638 GC heap before
{Heap before GC invocations=10 (full 2):
 PSYoungGen      total 162304K, used 153088K [0x0000000780800000, 0x000000078fc80000, 0x00000007c0000000)
  eden space 153088K, 100% used [0x0000000780800000,0x0000000789d80000,0x0000000789d80000)
  from space 9216K, 0% used [0x0000000789d80000,0x0000000789d80000,0x000000078a680000)
  to   space 9728K, 0% used [0x000000078f300000,0x000000078f300000,0x000000078fc80000)
 ParOldGen       total 118272K, used 12991K [0x0000000701800000, 0x0000000708b80000, 0x0000000780800000)
  object space 118272K, 10% used [0x0000000701800000,0x00000007024afc90,0x0000000708b80000)
 Metaspace       used 51259K, capacity 53464K, committed 53760K, reserved 1095680K
  class space    used 6979K, capacity 7396K, committed 7424K, reserved 1048576K
Event: 7.657 GC heap after
Heap after GC invocations=10 (full 2):
 PSYoungGen      total 229888K, used 9723K [0x0000000780800000, 0x000000078fc80000, 0x00000007c0000000)
  eden space 220160K, 0% used [0x0000000780800000,0x0000000780800000,0x000000078df00000)
  from space 9728K, 99% used [0x000000078f300000,0x000000078fc7ee60,0x000000078fc80000)
  to   space 14336K, 0% used [0x000000078e080000,0x000000078e080000,0x000000078ee80000)
 ParOldGen       total 118272K, used 21864K [0x0000000701800000, 0x0000000708b80000, 0x0000000780800000)
  object space 118272K, 18% used [0x0000000701800000,0x0000000702d5a178,0x0000000708b80000)
 Metaspace       used 51259K, capacity 53464K, committed 53760K, reserved 1095680K
  class space    used 6979K, capacity 7396K, committed 7424K, reserved 1048576K
}
Event: 8.822 GC heap before
{Heap before GC invocations=11 (full 2):
 PSYoungGen      total 229888K, used 95021K [0x0000000780800000, 0x000000078fc80000, 0x00000007c0000000)
  eden space 220160K, 38% used [0x0000000780800000,0x0000000785b4c7a0,0x000000078df00000)
  from space 9728K, 99% used [0x000000078f300000,0x000000078fc7ee60,0x000000078fc80000)
  to   space 14336K, 0% used [0x000000078e080000,0x000000078e080000,0x000000078ee80000)
 ParOldGen       total 118272K, used 21864K [0x0000000701800000, 0x0000000708b80000, 0x0000000780800000)
  object space 118272K, 18% used [0x0000000701800000,0x0000000702d5a178,0x0000000708b80000)
 Metaspace       used 56448K, capacity 58692K, committed 59008K, reserved 1099776K
  class space    used 7750K, capacity 8200K, committed 8320K, reserved 1048576K
Event: 8.838 GC heap after
Heap after GC invocations=11 (full 2):
 PSYoungGen      total 236032K, used 12208K [0x0000000780800000, 0x0000000793300000, 0x00000007c0000000)
  eden space 221696K, 0% used [0x0000000780800000,0x0000000780800000,0x000000078e080000)
  from space 14336K, 85% used [0x000000078e080000,0x000000078ec6c050,0x000000078ee80000)
  to   space 15360K, 0% used [0x0000000792400000,0x0000000792400000,0x0000000793300000)
 ParOldGen       total 118272K, used 21872K [0x0000000701800000, 0x0000000708b80000, 0x0000000780800000)
  object space 118272K, 18% used [0x0000000701800000,0x0000000702d5c178,0x0000000708b80000)
 Metaspace       used 56448K, capacity 58692K, committed 59008K, reserved 1099776K
  class space    used 7750K, capacity 8200K, committed 8320K, reserved 1048576K
}
Event: 8.838 GC heap before
{Heap before GC invocations=12 (full 3):
 PSYoungGen      total 236032K, used 12208K [0x0000000780800000, 0x0000000793300000, 0x00000007c0000000)
  eden space 221696K, 0% used [0x0000000780800000,0x0000000780800000,0x000000078e080000)
  from space 14336K, 85% used [0x000000078e080000,0x000000078ec6c050,0x000000078ee80000)
  to   space 15360K, 0% used [0x0000000792400000,0x0000000792400000,0x0000000793300000)
 ParOldGen       total 118272K, used 21872K [0x0000000701800000, 0x0000000708b80000, 0x0000000780800000)
  object space 118272K, 18% used [0x0000000701800000,0x0000000702d5c178,0x0000000708b80000)
 Metaspace       used 56448K, capacity 58692K, committed 59008K, reserved 1099776K
  class space    used 7750K, capacity 8200K, committed 8320K, reserved 1048576K
Event: 9.029 GC heap after
Heap after GC invocations=12 (full 3):
 PSYoungGen      total 236032K, used 0K [0x0000000780800000, 0x0000000793300000, 0x00000007c0000000)
  eden space 221696K, 0% used [0x0000000780800000,0x0000000780800000,0x000000078e080000)
  from space 14336K, 0% used [0x000000078e080000,0x000000078e080000,0x000000078ee80000)
  to   space 15360K, 0% used [0x0000000792400000,0x0000000792400000,0x0000000793300000)
 ParOldGen       total 172032K, used 22864K [0x0000000701800000, 0x000000070c000000, 0x0000000780800000)
  object space 172032K, 13% used [0x0000000701800000,0x0000000702e54100,0x000000070c000000)
 Metaspace       used 56448K, capacity 58692K, committed 59008K, reserved 1099776K
  class space    used 7750K, capacity 8200K, committed 8320K, reserved 1048576K
}

Deoptimization events (10 events):
Event: 9.207 Thread 0x00000000031f2800 Uncommon trap: reason=unstable_if action=reinterpret pc=0x0000000003f78fd4 method=java.util.regex.Pattern$Curly.match(Ljava/util/regex/Matcher;ILjava/lang/CharSequence;)Z @ 45
Event: 9.208 Thread 0x00000000031f2800 Uncommon trap: reason=unstable_if action=reinterpret pc=0x0000000003ef376c method=java.util.regex.Matcher.match(II)Z @ 30
Event: 9.221 Thread 0x00000000031f2800 Uncommon trap: reason=predicate action=maybe_recompile pc=0x0000000003f8696c method=java.util.StringTokenizer.skipDelimiters(I)I @ 17
Event: 9.221 Thread 0x00000000031f2800 Uncommon trap: reason=unstable_if action=reinterpret pc=0x00000000038a758c method=java.util.StringTokenizer.scanToken(I)I @ 96
Event: 9.221 Thread 0x00000000031f2800 Uncommon trap: reason=predicate action=maybe_recompile pc=0x0000000003fc8acc method=java.util.StringTokenizer.skipDelimiters(I)I @ 17
Event: 9.258 Thread 0x00000000031f2800 Uncommon trap: reason=bimorphic action=maybe_recompile pc=0x0000000003f7b5e0 method=java.util.Hashtable.get(Ljava/lang/Object;)Ljava/lang/Object; @ 6
Event: 9.260 Thread 0x00000000031f2800 Uncommon trap: reason=bimorphic action=maybe_recompile pc=0x0000000003f7b5e0 method=java.util.Hashtable.get(Ljava/lang/Object;)Ljava/lang/Object; @ 6
Event: 9.262 Thread 0x00000000031f2800 Uncommon trap: reason=unstable_if action=reinterpret pc=0x000000000341adc0 method=java.lang.CharacterData.of(I)Ljava/lang/CharacterData; @ 4
Event: 9.369 Thread 0x00000000031f2800 Uncommon trap: reason=unstable_if action=reinterpret pc=0x000000000381adb4 method=org.springframework.util.ConcurrentReferenceHashMap$Segment.restructureIfNecessary(Z)V @ 41
Event: 9.429 Thread 0x00000000031f2800 Uncommon trap: reason=unstable_if action=reinterpret pc=0x0000000003da1344 method=org.springframework.util.ClassUtils.isAssignable(Ljava/lang/Class;Ljava/lang/Class;)Z @ 66

Classes redefined (0 events):
No events

Internal exceptions (10 events):
Event: 9.537 Thread 0x00000000031f2800 Exception <a 'java/lang/ClassNotFoundException': java/lang/ObjectCustomizer> (0x0000000782879b70) thrown at [C:\re\workspace\8-2-build-windows-amd64-cygwin\jdk8u161\10277\hotspot\src\share\vm\classfile\systemDictionary.cpp, line 210]
Event: 9.538 Thread 0x00000000031f2800 Exception <a 'java/lang/ClassNotFoundException': pe/gob/onp/orrhh/qr/model/PersonaCustomizer> (0x000000078289dca0) thrown at [C:\re\workspace\8-2-build-windows-amd64-cygwin\jdk8u161\10277\hotspot\src\share\vm\classfile\systemDictionary.cpp, line 210]
Event: 9.593 Thread 0x00000000031f2800 Exception <a 'java/lang/ClassNotFoundException': java/lang/ObjectCustomizer> (0x0000000782cbf6f0) thrown at [C:\re\workspace\8-2-build-windows-amd64-cygwin\jdk8u161\10277\hotspot\src\share\vm\classfile\systemDictionary.cpp, line 210]
Event: 9.594 Thread 0x00000000031f2800 Exception <a 'java/lang/ClassNotFoundException': pe/gob/onp/orrhh/qr/service/MailServiceCustomizer> (0x0000000782ce4bb0) thrown at [C:\re\workspace\8-2-build-windows-amd64-cygwin\jdk8u161\10277\hotspot\src\share\vm\classfile\systemDictionary.cpp, line 210
Event: 9.601 Thread 0x00000000031f2800 Exception <a 'java/lang/ClassNotFoundException': java/lang/ObjectCustomizer> (0x0000000782d3cc38) thrown at [C:\re\workspace\8-2-build-windows-amd64-cygwin\jdk8u161\10277\hotspot\src\share\vm\classfile\systemDictionary.cpp, line 210]
Event: 9.602 Thread 0x00000000031f2800 Exception <a 'java/lang/ClassNotFoundException': pe/gob/onp/orrhh/qr/model/PersonAsistenciaCustomizer> (0x0000000782d64658) thrown at [C:\re\workspace\8-2-build-windows-amd64-cygwin\jdk8u161\10277\hotspot\src\share\vm\classfile\systemDictionary.cpp, line 
Event: 9.625 Thread 0x00000000031f2800 Exception <a 'java/lang/ClassNotFoundException': java/lang/ObjectCustomizer> (0x0000000782eea6b0) thrown at [C:\re\workspace\8-2-build-windows-amd64-cygwin\jdk8u161\10277\hotspot\src\share\vm\classfile\systemDictionary.cpp, line 210]
Event: 9.626 Thread 0x00000000031f2800 Exception <a 'java/lang/ClassNotFoundException': pe/gob/onp/orrhh/qr/bean/AsistenteSedeBenCustomizer> (0x0000000782f12088) thrown at [C:\re\workspace\8-2-build-windows-amd64-cygwin\jdk8u161\10277\hotspot\src\share\vm\classfile\systemDictionary.cpp, line 2
Event: 9.647 Thread 0x00000000031f2800 Exception <a 'java/lang/ClassNotFoundException': java/lang/ObjectCustomizer> (0x00000007830d8708) thrown at [C:\re\workspace\8-2-build-windows-amd64-cygwin\jdk8u161\10277\hotspot\src\share\vm\classfile\systemDictionary.cpp, line 210]
Event: 9.648 Thread 0x00000000031f2800 Exception <a 'java/lang/ClassNotFoundException': pe/gob/onp/orrhh/qr/bean/PersonaEventoAsistenteBeanCustomizer> (0x0000000783104368) thrown at [C:\re\workspace\8-2-build-windows-amd64-cygwin\jdk8u161\10277\hotspot\src\share\vm\classfile\systemDictionary.c

Events (10 events):
Event: 9.678 loading class org/springframework/aop/framework/CglibAopProxy$EqualsInterceptor
Event: 9.678 loading class org/springframework/aop/framework/CglibAopProxy$EqualsInterceptor done
Event: 9.679 loading class org/springframework/aop/framework/CglibAopProxy$HashCodeInterceptor
Event: 9.679 loading class org/springframework/aop/framework/CglibAopProxy$HashCodeInterceptor done
Event: 9.679 loading class org/springframework/aop/framework/CglibAopProxy$ProxyCallbackFilter
Event: 9.679 loading class org/springframework/aop/framework/CglibAopProxy$ProxyCallbackFilter done
Event: 9.686 loading class org/springframework/aop/framework/AdvisedSupport$MethodCacheKey
Event: 9.686 loading class org/springframework/aop/framework/AdvisedSupport$MethodCacheKey done
Event: 9.687 loading class org/springframework/aop/ThrowsAdvice
Event: 9.687 loading class org/springframework/aop/ThrowsAdvice done


Dynamic libraries:
0x00007ff6c4790000 - 0x00007ff6c47c7000 	C:\Program Files\Java\jdk1.8.0_161\jre\bin\java.exe
0x00007ffb73a20000 - 0x00007ffb73c10000 	C:\WINDOWS\SYSTEM32\ntdll.dll
0x00007ffb730f0000 - 0x00007ffb731a2000 	C:\WINDOWS\System32\KERNEL32.DLL
0x00007ffb70ca0000 - 0x00007ffb70f43000 	C:\WINDOWS\System32\KERNELBASE.dll
0x00007ffb727c0000 - 0x00007ffb72863000 	C:\WINDOWS\System32\ADVAPI32.dll
0x00007ffb738a0000 - 0x00007ffb7393e000 	C:\WINDOWS\System32\msvcrt.dll
0x00007ffb73940000 - 0x00007ffb739d7000 	C:\WINDOWS\System32\sechost.dll
0x00007ffb72280000 - 0x00007ffb723a0000 	C:\WINDOWS\System32\RPCRT4.dll
0x00007ffb71b50000 - 0x00007ffb71ce4000 	C:\WINDOWS\System32\USER32.dll
0x00007ffb71210000 - 0x00007ffb71231000 	C:\WINDOWS\System32\win32u.dll
0x00007ffb723a0000 - 0x00007ffb723c6000 	C:\WINDOWS\System32\GDI32.dll
0x00007ffb70fc0000 - 0x00007ffb71154000 	C:\WINDOWS\System32\gdi32full.dll
0x00007ffb70c00000 - 0x00007ffb70c9e000 	C:\WINDOWS\System32\msvcp_win.dll
0x00007ffb709b0000 - 0x00007ffb70aaa000 	C:\WINDOWS\System32\ucrtbase.dll
0x00007ffb57510000 - 0x00007ffb57795000 	C:\WINDOWS\WinSxS\amd64_microsoft.windows.common-controls_6595b64144ccf1df_6.0.18362.535_none_e6c3b34713100821\COMCTL32.dll
0x00007ffb71dc0000 - 0x00007ffb720f6000 	C:\WINDOWS\System32\combase.dll
0x00007ffb71240000 - 0x00007ffb712c0000 	C:\WINDOWS\System32\bcryptPrimitives.dll
0x00007ffb730c0000 - 0x00007ffb730ee000 	C:\WINDOWS\System32\IMM32.DLL
0x0000000057bb0000 - 0x0000000057c82000 	C:\Program Files\Java\jdk1.8.0_161\jre\bin\msvcr100.dll
0x0000000057310000 - 0x0000000057baf000 	C:\Program Files\Java\jdk1.8.0_161\jre\bin\server\jvm.dll
0x00007ffb72950000 - 0x00007ffb72958000 	C:\WINDOWS\System32\PSAPI.DLL
0x00007ffb6a5d0000 - 0x00007ffb6a5da000 	C:\WINDOWS\SYSTEM32\VERSION.dll
0x00007ffb67dc0000 - 0x00007ffb67de4000 	C:\WINDOWS\SYSTEM32\WINMM.dll
0x00007ffb6b7b0000 - 0x00007ffb6b7b9000 	C:\WINDOWS\SYSTEM32\WSOCK32.dll
0x00007ffb728e0000 - 0x00007ffb7294f000 	C:\WINDOWS\System32\WS2_32.dll
0x00007ffb673f0000 - 0x00007ffb6741d000 	C:\WINDOWS\SYSTEM32\WINMMBASE.dll
0x00007ffb70f70000 - 0x00007ffb70fba000 	C:\WINDOWS\System32\cfgmgr32.dll
0x0000000057300000 - 0x000000005730f000 	C:\Program Files\Java\jdk1.8.0_161\jre\bin\verify.dll
0x00000000572d0000 - 0x00000000572f9000 	C:\Program Files\Java\jdk1.8.0_161\jre\bin\java.dll
0x00000000572b0000 - 0x00000000572c6000 	C:\Program Files\Java\jdk1.8.0_161\jre\bin\zip.dll
0x00007ffb731b0000 - 0x00007ffb73895000 	C:\WINDOWS\System32\SHELL32.dll
0x00007ffb721d0000 - 0x00007ffb72279000 	C:\WINDOWS\System32\shcore.dll
0x00007ffb71350000 - 0x00007ffb71acf000 	C:\WINDOWS\System32\windows.storage.dll
0x00007ffb70990000 - 0x00007ffb709af000 	C:\WINDOWS\System32\profapi.dll
0x00007ffb70940000 - 0x00007ffb7098a000 	C:\WINDOWS\System32\powrprof.dll
0x00007ffb708f0000 - 0x00007ffb70900000 	C:\WINDOWS\System32\UMPDC.dll
0x00007ffb72760000 - 0x00007ffb727b2000 	C:\WINDOWS\System32\shlwapi.dll
0x00007ffb70920000 - 0x00007ffb70931000 	C:\WINDOWS\System32\kernel.appcore.dll
0x00007ffb70f50000 - 0x00007ffb70f67000 	C:\WINDOWS\System32\cryptsp.dll
0x0000000057260000 - 0x000000005726d000 	C:\Program Files\Java\jdk1.8.0_161\jre\bin\management.dll
0x0000000057290000 - 0x00000000572aa000 	C:\Program Files\Java\jdk1.8.0_161\jre\bin\net.dll
0x00007ffb70160000 - 0x00007ffb701c7000 	C:\WINDOWS\system32\mswsock.dll
0x0000000057270000 - 0x0000000057281000 	C:\Program Files\Java\jdk1.8.0_161\jre\bin\nio.dll
0x00007ffb58a20000 - 0x00007ffb58a36000 	C:\WINDOWS\system32\napinsp.dll
0x00007ffb58a00000 - 0x00007ffb58a1a000 	C:\WINDOWS\system32\pnrpnsp.dll
0x00007ffb6fec0000 - 0x00007ffb6ff8a000 	C:\WINDOWS\SYSTEM32\DNSAPI.dll
0x00007ffb72870000 - 0x00007ffb72878000 	C:\WINDOWS\System32\NSI.dll
0x00007ffb6fe70000 - 0x00007ffb6feaa000 	C:\WINDOWS\SYSTEM32\IPHLPAPI.DLL
0x00007ffb589f0000 - 0x00007ffb589fe000 	C:\WINDOWS\System32\winrnr.dll
0x00007ffb6b6f0000 - 0x00007ffb6b70c000 	C:\WINDOWS\system32\NLAapi.dll
0x00007ffb6e050000 - 0x00007ffb6e065000 	C:\WINDOWS\system32\wshbth.dll
0x00007ffb68c50000 - 0x00007ffb68c5a000 	C:\Windows\System32\rasadhlp.dll
0x00007ffb6ae60000 - 0x00007ffb6aed7000 	C:\WINDOWS\System32\fwpuclnt.dll
0x00007ffb712c0000 - 0x00007ffb712e6000 	C:\WINDOWS\System32\bcrypt.dll
0x00007ffb6b030000 - 0x00007ffb6b046000 	C:\WINDOWS\SYSTEM32\dhcpcsvc6.DLL
0x00007ffb6b050000 - 0x00007ffb6b06c000 	C:\WINDOWS\SYSTEM32\dhcpcsvc.DLL
0x00007ffb6fcd0000 - 0x00007ffb6fd03000 	C:\WINDOWS\system32\rsaenh.dll
0x00007ffb707e0000 - 0x00007ffb70805000 	C:\WINDOWS\SYSTEM32\USERENV.dll
0x00007ffb70330000 - 0x00007ffb7033c000 	C:\WINDOWS\SYSTEM32\CRYPTBASE.dll
0x0000000057230000 - 0x0000000057254000 	C:\Program Files\Java\jdk1.8.0_161\jre\bin\sunec.dll

VM Arguments:
java_command: C:\Users\JMATOS\AppData\Local\Temp\surefire8353822735616068790\surefirebooter4803349503381301271.jar C:\Users\JMATOS\AppData\Local\Temp\surefire8353822735616068790 2020-01-07T20-35-31_117-jvmRun1 surefire2108666084251271548tmp surefire_05472868496105250344tmp
java_class_path (initial): C:\Users\JMATOS\AppData\Local\Temp\surefire8353822735616068790\surefirebooter4803349503381301271.jar
Launcher Type: SUN_STANDARD

Environment Variables:
JAVA_HOME=C:\Program Files\Java\jdk1.6.0_45
CLASSPATH=C:\Program Files\Java\jdk1.6.0_45\src.zip
PATH=C:\Python27\;C:\Python27\Scripts;C:\Windows\system32;C:\Windows;C:\Windows\System32\Wbem;C:\Windows\System32\WindowsPowerShell\v1.0\;C:\Program Files (x86)\NVIDIA Corporation\PhysX\Common;C:\Program Files\Cloud Foundry;C:\Program Files\Git\cmd;C:\Program Files\Git\mingw64\bin;C:\Program Files\Git\usr\bin;C:\Program Files\Java\jdk1.6.0_45\bin;C:\sw\apache-maven-3.5.0\bin;C:\WINDOWS\system32;C:\WINDOWS;C:\WINDOWS\System32\Wbem;C:\WINDOWS\System32\WindowsPowerShell\v1.0\;C:\WINDOWS\System32\OpenSSH\;C:\Program Files\SourceGear\Common\DiffMerge\;C:\Program Files\PuTTY\;C:\oraclexe\app\oracle\product\11.2.0\server\bin;C:\Program Files\RabbitMQ Server\rabbitmq_server-3.8.1\sbin;C:\Program Files\nodejs\;C:\ProgramData\chocolatey\bin;C:\Users\JMATOS\AppData\Local\Microsoft\WindowsApps;C:\Program Files\Microsoft VS Code\bin;C:\Users\JMATOS\AppData\Local\Programs\Microsoft VS Code\bin;C:\Users\JMATOS\AppData\Roaming\npm
USERNAME=JMATOS
OS=Windows_NT
PROCESSOR_IDENTIFIER=Intel64 Family 6 Model 142 Stepping 9, GenuineIntel



---------------  S Y S T E M  ---------------

OS: Windows 10.0 , 64 bit Build 18362 (10.0.18362.329)

CPU:total 4 (initial active 4) (2 cores per cpu, 2 threads per core) family 6 model 142 stepping 9, cmov, cx8, fxsr, mmx, sse, sse2, sse3, ssse3, sse4.1, sse4.2, popcnt, avx, avx2, aes, clmul, erms, 3dnowpref, lzcnt, ht, tsc, tscinvbit, bmi1, bmi2, adx

Memory: 4k page, physical 12480740k(2357984k free), swap 12480740k(4092k free)

vm_info: Java HotSpot(TM) 64-Bit Server VM (25.161-b12) for windows-amd64 JRE (1.8.0_161-b12), built on Dec 19 2017 17:52:25 by "java_re" with MS VC++ 10.0 (VS2010)

time: Tue Jan 07 20:35:42 2020
elapsed time: 9 seconds (0d 0h 0m 9s)

