#
# There is insufficient memory for the Java Runtime Environment to continue.
# Native memory allocation (malloc) failed to allocate 1097280 bytes for Chunk::new
# Possible reasons:
#   The system is out of physical RAM or swap space
#   In 32 bit mode, the process size limit was hit
# Possible solutions:
#   Reduce memory load on the system
#   Increase physical memory or swap space
#   Check if swap backing store is full
#   Use 64 bit Java on a 64 bit OS
#   Decrease Java heap size (-Xmx/-Xms)
#   Decrease number of Java threads
#   Decrease Java thread stack sizes (-Xss)
#   Set larger code cache with -XX:ReservedCodeCacheSize=
# This output file may be truncated or incomplete.
#
#  Out of Memory Error (allocation.cpp:390), pid=16812, tid=0x0000000000001e10
#
# JRE version: Java(TM) SE Runtime Environment (8.0_161-b12) (build 1.8.0_161-b12)
# Java VM: Java HotSpot(TM) 64-Bit Server VM (25.161-b12 mixed mode windows-amd64 compressed oops)
# Failed to write core dump. Minidumps are not enabled by default on client versions of Windows
#

---------------  T H R E A D  ---------------

Current thread (0x0000000019e57000):  JavaThread "C2 CompilerThread1" daemon [_thread_in_native, id=7696, stack(0x000000001b5e0000,0x000000001b6e0000)]

Stack: [0x000000001b5e0000,0x000000001b6e0000]
[error occurred during error reporting (printing stack bounds), id 0xc0000005]

Native frames: (J=compiled Java code, j=interpreted, Vv=VM code, C=native code)


Current CompileTask:
C2:   4584 2445   !   4       org.codehaus.plexus.interpolation.StringSearchInterpolator::interpolate (650 bytes)


---------------  P R O C E S S  ---------------

Java Threads: ( => current thread )
  0x000000001b803000 JavaThread "Service Thread" daemon [_thread_blocked, id=12648, stack(0x000000001bbe0000,0x000000001bce0000)]
  0x0000000019e5c800 JavaThread "C1 CompilerThread2" daemon [_thread_in_native, id=10968, stack(0x000000001b6e0000,0x000000001b7e0000)]
=>0x0000000019e57000 JavaThread "C2 CompilerThread1" daemon [_thread_in_native, id=7696, stack(0x000000001b5e0000,0x000000001b6e0000)]
  0x0000000019e4f800 JavaThread "C2 CompilerThread0" daemon [_thread_in_native, id=18040, stack(0x000000001b4e0000,0x000000001b5e0000)]
  0x0000000019e4b800 JavaThread "Attach Listener" daemon [_thread_blocked, id=12448, stack(0x000000001b3e0000,0x000000001b4e0000)]
  0x0000000019e4a800 JavaThread "Signal Dispatcher" daemon [_thread_blocked, id=20184, stack(0x000000001b2e0000,0x000000001b3e0000)]
  0x0000000002dad000 JavaThread "Finalizer" daemon [_thread_blocked, id=14516, stack(0x000000001b0c0000,0x000000001b1c0000)]
  0x0000000002da2000 JavaThread "Reference Handler" daemon [_thread_blocked, id=20288, stack(0x000000001afc0000,0x000000001b0c0000)]
  0x0000000002cb2800 JavaThread "main" [_thread_in_native, id=11688, stack(0x0000000002ae0000,0x0000000002be0000)]

Other Threads:
  0x0000000019e17800 VMThread [stack: 0x000000001aec0000,0x000000001afc0000] [id=20352]
  0x000000001b81b800 WatcherThread [stack: 0x000000001bce0000,0x000000001bde0000] [id=17908]

VM state:not at safepoint (normal execution)

VM Mutex/Monitor currently owned by a thread: None

Heap:
 PSYoungGen      total 84992K, used 30271K [0x0000000780800000, 0x0000000786980000, 0x00000007c0000000)
  eden space 76800K, 28% used [0x0000000780800000,0x0000000781d97d78,0x0000000785300000)
  from space 8192K, 99% used [0x0000000785b00000,0x00000007862f8020,0x0000000786300000)
  to   space 8192K, 0% used [0x0000000785300000,0x0000000785300000,0x0000000785b00000)
 ParOldGen       total 89088K, used 10265K [0x0000000701800000, 0x0000000706f00000, 0x0000000780800000)
  object space 89088K, 11% used [0x0000000701800000,0x00000007022067a8,0x0000000706f00000)
 Metaspace       used 15769K, capacity 16058K, committed 16384K, reserved 1064960K
  class space    used 1886K, capacity 1983K, committed 2048K, reserved 1048576K

Card table byte_map: [0x0000000012170000,0x0000000012770000] byte_map_base: 0x000000000e964000

Marking Bits: (ParMarkBitMap*) 0x0000000057b2f860
 Begin Bits: [0x0000000012f70000, 0x0000000015f10000)
 End Bits:   [0x0000000015f10000, 0x0000000018eb0000)

Polling page: 0x0000000002a20000

CodeCache: size=245760Kb used=9376Kb max_used=9376Kb free=236383Kb
 bounds [0x0000000002db0000, 0x00000000036f0000, 0x0000000011db0000]
 total_blobs=3060 nmethods=2694 adapters=277
 compilation: enabled

Compilation events (10 events):
Event: 4.560 Thread 0x0000000019e5c800 nmethod 2673 0x00000000036bdc90 code [0x00000000036bdde0, 0x00000000036bdef0]
Event: 4.560 Thread 0x0000000019e5c800 2678       1       org.apache.maven.model.Organization::getUrl (5 bytes)
Event: 4.560 Thread 0x0000000019e5c800 nmethod 2678 0x00000000036bdf50 code [0x00000000036be0a0, 0x00000000036be1b0]
Event: 4.560 Thread 0x0000000019e5c800 2677       1       org.eclipse.aether.util.version.GenericVersion::toString (5 bytes)
Event: 4.560 Thread 0x0000000019e5c800 nmethod 2677 0x00000000036be210 code [0x00000000036be360, 0x00000000036be470]
Event: 4.560 Thread 0x0000000019e5c800 2679       1       org.apache.maven.model.Model::getModelVersion (5 bytes)
Event: 4.560 Thread 0x0000000019e5c800 nmethod 2679 0x00000000036be4d0 code [0x00000000036be620, 0x00000000036be730]
Event: 4.561 Thread 0x0000000019e5c800 2680       3       java.io.File::getCanonicalPath (31 bytes)
Event: 4.561 Thread 0x0000000019e5c800 nmethod 2680 0x00000000036be790 code [0x00000000036be920, 0x00000000036bec98]
Event: 4.561 Thread 0x0000000019e5c800 2681       3       java.io.WinNTFileSystem::canonicalize (372 bytes)

GC Heap History (10 events):
Event: 1.717 GC heap before
{Heap before GC invocations=1 (full 0):
 PSYoungGen      total 57344K, used 25560K [0x0000000780800000, 0x0000000784800000, 0x00000007c0000000)
  eden space 49152K, 52% used [0x0000000780800000,0x00000007820f6288,0x0000000783800000)
  from space 8192K, 0% used [0x0000000784000000,0x0000000784000000,0x0000000784800000)
  to   space 8192K, 0% used [0x0000000783800000,0x0000000783800000,0x0000000784000000)
 ParOldGen       total 131072K, used 0K [0x0000000701800000, 0x0000000709800000, 0x0000000780800000)
  object space 131072K, 0% used [0x0000000701800000,0x0000000701800000,0x0000000709800000)
 Metaspace       used 8330K, capacity 8452K, committed 8576K, reserved 1060864K
  class space    used 1009K, capacity 1052K, committed 1152K, reserved 1048576K
Event: 1.722 GC heap after
Heap after GC invocations=1 (full 0):
 PSYoungGen      total 57344K, used 4482K [0x0000000780800000, 0x0000000784800000, 0x00000007c0000000)
  eden space 49152K, 0% used [0x0000000780800000,0x0000000780800000,0x0000000783800000)
  from space 8192K, 54% used [0x0000000783800000,0x0000000783c60a48,0x0000000784000000)
  to   space 8192K, 0% used [0x0000000784000000,0x0000000784000000,0x0000000784800000)
 ParOldGen       total 131072K, used 8K [0x0000000701800000, 0x0000000709800000, 0x0000000780800000)
  object space 131072K, 0% used [0x0000000701800000,0x0000000701802000,0x0000000709800000)
 Metaspace       used 8330K, capacity 8452K, committed 8576K, reserved 1060864K
  class space    used 1009K, capacity 1052K, committed 1152K, reserved 1048576K
}
Event: 1.722 GC heap before
{Heap before GC invocations=2 (full 1):
 PSYoungGen      total 57344K, used 4482K [0x0000000780800000, 0x0000000784800000, 0x00000007c0000000)
  eden space 49152K, 0% used [0x0000000780800000,0x0000000780800000,0x0000000783800000)
  from space 8192K, 54% used [0x0000000783800000,0x0000000783c60a48,0x0000000784000000)
  to   space 8192K, 0% used [0x0000000784000000,0x0000000784000000,0x0000000784800000)
 ParOldGen       total 131072K, used 8K [0x0000000701800000, 0x0000000709800000, 0x0000000780800000)
  object space 131072K, 0% used [0x0000000701800000,0x0000000701802000,0x0000000709800000)
 Metaspace       used 8330K, capacity 8452K, committed 8576K, reserved 1060864K
  class space    used 1009K, capacity 1052K, committed 1152K, reserved 1048576K
Event: 1.735 GC heap after
Heap after GC invocations=2 (full 1):
 PSYoungGen      total 57344K, used 0K [0x0000000780800000, 0x0000000784800000, 0x00000007c0000000)
  eden space 49152K, 0% used [0x0000000780800000,0x0000000780800000,0x0000000783800000)
  from space 8192K, 0% used [0x0000000783800000,0x0000000783800000,0x0000000784000000)
  to   space 8192K, 0% used [0x0000000784000000,0x0000000784000000,0x0000000784800000)
 ParOldGen       total 89088K, used 4218K [0x0000000701800000, 0x0000000706f00000, 0x0000000780800000)
  object space 89088K, 4% used [0x0000000701800000,0x0000000701c1eb28,0x0000000706f00000)
 Metaspace       used 8330K, capacity 8452K, committed 8576K, reserved 1058816K
  class space    used 1009K, capacity 1052K, committed 1152K, reserved 1048576K
}
Event: 2.768 GC heap before
{Heap before GC invocations=3 (full 1):
 PSYoungGen      total 57344K, used 49152K [0x0000000780800000, 0x0000000784800000, 0x00000007c0000000)
  eden space 49152K, 100% used [0x0000000780800000,0x0000000783800000,0x0000000783800000)
  from space 8192K, 0% used [0x0000000783800000,0x0000000783800000,0x0000000784000000)
  to   space 8192K, 0% used [0x0000000784000000,0x0000000784000000,0x0000000784800000)
 ParOldGen       total 89088K, used 4218K [0x0000000701800000, 0x0000000706f00000, 0x0000000780800000)
  object space 89088K, 4% used [0x0000000701800000,0x0000000701c1eb28,0x0000000706f00000)
 Metaspace       used 13099K, capacity 13334K, committed 13568K, reserved 1062912K
  class space    used 1657K, capacity 1737K, committed 1792K, reserved 1048576K
Event: 2.776 GC heap after
Heap after GC invocations=3 (full 1):
 PSYoungGen      total 57344K, used 7200K [0x0000000780800000, 0x0000000785b80000, 0x00000007c0000000)
  eden space 49152K, 0% used [0x0000000780800000,0x0000000780800000,0x0000000783800000)
  from space 8192K, 87% used [0x0000000784000000,0x0000000784708150,0x0000000784800000)
  to   space 8192K, 0% used [0x0000000783800000,0x0000000783800000,0x0000000784000000)
 ParOldGen       total 89088K, used 4226K [0x0000000701800000, 0x0000000706f00000, 0x0000000780800000)
  object space 89088K, 4% used [0x0000000701800000,0x0000000701c20b28,0x0000000706f00000)
 Metaspace       used 13099K, capacity 13334K, committed 13568K, reserved 1062912K
  class space    used 1657K, capacity 1737K, committed 1792K, reserved 1048576K
}
Event: 3.640 GC heap before
{Heap before GC invocations=4 (full 1):
 PSYoungGen      total 57344K, used 56352K [0x0000000780800000, 0x0000000785b80000, 0x00000007c0000000)
  eden space 49152K, 100% used [0x0000000780800000,0x0000000783800000,0x0000000783800000)
  from space 8192K, 87% used [0x0000000784000000,0x0000000784708150,0x0000000784800000)
  to   space 8192K, 0% used [0x0000000783800000,0x0000000783800000,0x0000000784000000)
 ParOldGen       total 89088K, used 4226K [0x0000000701800000, 0x0000000706f00000, 0x0000000780800000)
  object space 89088K, 4% used [0x0000000701800000,0x0000000701c20b28,0x0000000706f00000)
 Metaspace       used 15218K, capacity 15542K, committed 15872K, reserved 1064960K
  class space    used 1845K, capacity 1945K, committed 2048K, reserved 1048576K
Event: 3.655 GC heap after
Heap after GC invocations=4 (full 1):
 PSYoungGen      total 57344K, used 8176K [0x0000000780800000, 0x0000000786300000, 0x00000007c0000000)
  eden space 49152K, 0% used [0x0000000780800000,0x0000000780800000,0x0000000783800000)
  from space 8192K, 99% used [0x0000000783800000,0x0000000783ffc010,0x0000000784000000)
  to   space 8192K, 0% used [0x0000000785b00000,0x0000000785b00000,0x0000000786300000)
 ParOldGen       total 89088K, used 5348K [0x0000000701800000, 0x0000000706f00000, 0x0000000780800000)
  object space 89088K, 6% used [0x0000000701800000,0x0000000701d391a0,0x0000000706f00000)
 Metaspace       used 15218K, capacity 15542K, committed 15872K, reserved 1064960K
  class space    used 1845K, capacity 1945K, committed 2048K, reserved 1048576K
}
Event: 4.185 GC heap before
{Heap before GC invocations=5 (full 1):
 PSYoungGen      total 57344K, used 57328K [0x0000000780800000, 0x0000000786300000, 0x00000007c0000000)
  eden space 49152K, 100% used [0x0000000780800000,0x0000000783800000,0x0000000783800000)
  from space 8192K, 99% used [0x0000000783800000,0x0000000783ffc010,0x0000000784000000)
  to   space 8192K, 0% used [0x0000000785b00000,0x0000000785b00000,0x0000000786300000)
 ParOldGen       total 89088K, used 5348K [0x0000000701800000, 0x0000000706f00000, 0x0000000780800000)
  object space 89088K, 6% used [0x0000000701800000,0x0000000701d391a0,0x0000000706f00000)
 Metaspace       used 15634K, capacity 15894K, committed 16128K, reserved 1064960K
  class space    used 1880K, capacity 1977K, committed 2048K, reserved 1048576K
Event: 4.207 GC heap after
Heap after GC invocations=5 (full 1):
 PSYoungGen      total 84992K, used 8160K [0x0000000780800000, 0x0000000786980000, 0x00000007c0000000)
  eden space 76800K, 0% used [0x0000000780800000,0x0000000780800000,0x0000000785300000)
  from space 8192K, 99% used [0x0000000785b00000,0x00000007862f8020,0x0000000786300000)
  to   space 8192K, 0% used [0x0000000785300000,0x0000000785300000,0x0000000785b00000)
 ParOldGen       total 89088K, used 10265K [0x0000000701800000, 0x0000000706f00000, 0x0000000780800000)
  object space 89088K, 11% used [0x0000000701800000,0x00000007022067a8,0x0000000706f00000)
 Metaspace       used 15634K, capacity 15894K, committed 16128K, reserved 1064960K
  class space    used 1880K, capacity 1977K, committed 2048K, reserved 1048576K
}

Deoptimization events (10 events):
Event: 4.137 Thread 0x0000000002cb2800 Uncommon trap: reason=bimorphic action=maybe_recompile pc=0x00000000034e8330 method=java.util.regex.Pattern$BmpCharProperty.match(Ljava/util/regex/Matcher;ILjava/lang/CharSequence;)Z @ 16
Event: 4.137 Thread 0x0000000002cb2800 Uncommon trap: reason=bimorphic action=maybe_recompile pc=0x00000000034e8330 method=java.util.regex.Pattern$BmpCharProperty.match(Ljava/util/regex/Matcher;ILjava/lang/CharSequence;)Z @ 16
Event: 4.160 Thread 0x0000000002cb2800 Uncommon trap: reason=unstable_if action=reinterpret pc=0x00000000035af734 method=org.codehaus.plexus.util.xml.pull.MXParser.nextImpl()I @ 972
Event: 4.162 Thread 0x0000000002cb2800 Uncommon trap: reason=class_check action=maybe_recompile pc=0x00000000035877b0 method=org.apache.maven.model.interpolation.StringSearchModelInterpolator$InterpolateObjectAction$MapField.doInterpolate(Ljava/lang/Object;Lorg/apache/maven/model/interpolation
Event: 4.162 Thread 0x0000000002cb2800 Uncommon trap: reason=class_check action=maybe_recompile pc=0x00000000035877b0 method=org.apache.maven.model.interpolation.StringSearchModelInterpolator$InterpolateObjectAction$MapField.doInterpolate(Ljava/lang/Object;Lorg/apache/maven/model/interpolation
Event: 4.162 Thread 0x0000000002cb2800 Uncommon trap: reason=class_check action=maybe_recompile pc=0x00000000035877b0 method=org.apache.maven.model.interpolation.StringSearchModelInterpolator$InterpolateObjectAction$MapField.doInterpolate(Ljava/lang/Object;Lorg/apache/maven/model/interpolation
Event: 4.251 Thread 0x0000000002cb2800 Uncommon trap: reason=class_check action=maybe_recompile pc=0x00000000035877b0 method=org.apache.maven.model.interpolation.StringSearchModelInterpolator$InterpolateObjectAction$MapField.doInterpolate(Ljava/lang/Object;Lorg/apache/maven/model/interpolation
Event: 4.280 Thread 0x0000000002cb2800 Uncommon trap: reason=predicate action=maybe_recompile pc=0x000000000343bc5c method=java.nio.charset.CharsetDecoder.decode(Ljava/nio/ByteBuffer;Ljava/nio/CharBuffer;Z)Ljava/nio/charset/CoderResult; @ 54
Event: 4.280 Thread 0x0000000002cb2800 Uncommon trap: reason=predicate action=maybe_recompile pc=0x000000000309e798 method=java.nio.charset.CharsetDecoder.decode(Ljava/nio/ByteBuffer;Ljava/nio/CharBuffer;Z)Ljava/nio/charset/CoderResult; @ 54
Event: 4.318 Thread 0x0000000002cb2800 Uncommon trap: reason=unstable_if action=reinterpret pc=0x000000000366aac0 method=org.apache.maven.model.validation.DefaultModelValidator.validateEffectiveDependency(Lorg/apache/maven/model/building/ModelProblemCollector;Lorg/apache/maven/model/Dependency

Classes redefined (0 events):
No events

Internal exceptions (10 events):
Event: 2.966 Thread 0x0000000002cb2800 Exception <a 'java/lang/NullPointerException'> (0x0000000780e25690) thrown at [C:\re\workspace\8-2-build-windows-amd64-cygwin\jdk8u161\10277\hotspot\src\share\vm\interpreter\linkResolver.cpp, line 1185]
Event: 2.966 Thread 0x0000000002cb2800 Exception <a 'java/lang/NullPointerException'> (0x0000000780e258a8) thrown at [C:\re\workspace\8-2-build-windows-amd64-cygwin\jdk8u161\10277\hotspot\src\share\vm\interpreter\linkResolver.cpp, line 1185]
Event: 2.966 Thread 0x0000000002cb2800 Exception <a 'java/lang/NullPointerException'> (0x0000000780e25ac0) thrown at [C:\re\workspace\8-2-build-windows-amd64-cygwin\jdk8u161\10277\hotspot\src\share\vm\interpreter\linkResolver.cpp, line 1185]
Event: 3.068 Thread 0x0000000002cb2800 Implicit null exception at 0x0000000002fd7616 to 0x0000000002fd79c1
Event: 3.068 Thread 0x0000000002cb2800 Implicit null exception at 0x0000000002fc7916 to 0x0000000002fc7cb9
Event: 3.263 Thread 0x0000000002cb2800 Implicit null exception at 0x000000000339cbff to 0x000000000339df8d
Event: 3.824 Thread 0x0000000002cb2800 Implicit null exception at 0x0000000003593383 to 0x00000000035935cd
Event: 3.848 Thread 0x0000000002cb2800 Implicit null exception at 0x0000000003197915 to 0x0000000003197b39
Event: 3.849 Thread 0x0000000002cb2800 Implicit null exception at 0x00000000031b6a6f to 0x00000000031b6ad9
Event: 4.058 Thread 0x0000000002cb2800 Implicit null exception at 0x000000000350ee8f to 0x000000000350f3ad

Events (10 events):
Event: 4.294 Thread 0x0000000002cb2800 DEOPT UNPACKING pc=0x0000000002df7890 sp=0x0000000002bdcd10 mode 0
Event: 4.299 loading class org/eclipse/aether/util/graph/selector/ExclusionDependencySelector$ExclusionComparator
Event: 4.299 loading class org/eclipse/aether/util/graph/selector/ExclusionDependencySelector$ExclusionComparator done
Event: 4.318 Thread 0x0000000002cb2800 Uncommon trap: trap_request=0xffffff65 fr.pc=0x000000000366aac0
Event: 4.318 Thread 0x0000000002cb2800 DEOPT PACKING pc=0x000000000366aac0 sp=0x0000000002bdce00
Event: 4.319 Thread 0x0000000002cb2800 DEOPT UNPACKING pc=0x0000000002df583b sp=0x0000000002bdce08 mode 2
Event: 4.365 loading class java/util/AbstractMap$SimpleImmutableEntry
Event: 4.365 loading class java/util/AbstractMap$SimpleImmutableEntry done
Event: 4.374 Thread 0x0000000002cb2800 DEOPT PACKING pc=0x00000000033cb39a sp=0x0000000002bdca90
Event: 4.374 Thread 0x0000000002cb2800 DEOPT UNPACKING pc=0x0000000002df7890 sp=0x0000000002bdc828 mode 0


Dynamic libraries:
0x00007ff70fe20000 - 0x00007ff70fe57000 	C:\Program Files\Java\jdk1.8.0_161\bin\javaw.exe
0x00007ffb73a20000 - 0x00007ffb73c10000 	C:\WINDOWS\SYSTEM32\ntdll.dll
0x00007ffb730f0000 - 0x00007ffb731a2000 	C:\WINDOWS\System32\KERNEL32.DLL
0x00007ffb70ca0000 - 0x00007ffb70f43000 	C:\WINDOWS\System32\KERNELBASE.dll
0x00007ffb727c0000 - 0x00007ffb72863000 	C:\WINDOWS\System32\ADVAPI32.dll
0x00007ffb738a0000 - 0x00007ffb7393e000 	C:\WINDOWS\System32\msvcrt.dll
0x00007ffb73940000 - 0x00007ffb739d7000 	C:\WINDOWS\System32\sechost.dll
0x00007ffb72280000 - 0x00007ffb723a0000 	C:\WINDOWS\System32\RPCRT4.dll
0x00007ffb71b50000 - 0x00007ffb71ce4000 	C:\WINDOWS\System32\USER32.dll
0x00007ffb71210000 - 0x00007ffb71231000 	C:\WINDOWS\System32\win32u.dll
0x00007ffb723a0000 - 0x00007ffb723c6000 	C:\WINDOWS\System32\GDI32.dll
0x00007ffb70fc0000 - 0x00007ffb71154000 	C:\WINDOWS\System32\gdi32full.dll
0x00007ffb70c00000 - 0x00007ffb70c9e000 	C:\WINDOWS\System32\msvcp_win.dll
0x00007ffb709b0000 - 0x00007ffb70aaa000 	C:\WINDOWS\System32\ucrtbase.dll
0x00007ffb57510000 - 0x00007ffb57795000 	C:\WINDOWS\WinSxS\amd64_microsoft.windows.common-controls_6595b64144ccf1df_6.0.18362.535_none_e6c3b34713100821\COMCTL32.dll
0x00007ffb71dc0000 - 0x00007ffb720f6000 	C:\WINDOWS\System32\combase.dll
0x00007ffb71240000 - 0x00007ffb712c0000 	C:\WINDOWS\System32\bcryptPrimitives.dll
0x00007ffb730c0000 - 0x00007ffb730ee000 	C:\WINDOWS\System32\IMM32.DLL
0x0000000057bb0000 - 0x0000000057c82000 	C:\Program Files\Java\jdk1.8.0_161\jre\bin\msvcr100.dll
0x0000000057310000 - 0x0000000057baf000 	C:\Program Files\Java\jdk1.8.0_161\jre\bin\server\jvm.dll
0x00007ffb72950000 - 0x00007ffb72958000 	C:\WINDOWS\System32\PSAPI.DLL
0x00007ffb6b7b0000 - 0x00007ffb6b7b9000 	C:\WINDOWS\SYSTEM32\WSOCK32.dll
0x00007ffb728e0000 - 0x00007ffb7294f000 	C:\WINDOWS\System32\WS2_32.dll
0x00007ffb67dc0000 - 0x00007ffb67de4000 	C:\WINDOWS\SYSTEM32\WINMM.dll
0x00007ffb6a5d0000 - 0x00007ffb6a5da000 	C:\WINDOWS\SYSTEM32\VERSION.dll
0x00007ffb673f0000 - 0x00007ffb6741d000 	C:\WINDOWS\SYSTEM32\winmmbase.dll
0x00007ffb70f70000 - 0x00007ffb70fba000 	C:\WINDOWS\System32\cfgmgr32.dll
0x0000000057300000 - 0x000000005730f000 	C:\Program Files\Java\jdk1.8.0_161\jre\bin\verify.dll
0x00000000572d0000 - 0x00000000572f9000 	C:\Program Files\Java\jdk1.8.0_161\jre\bin\java.dll
0x00000000572b0000 - 0x00000000572c6000 	C:\Program Files\Java\jdk1.8.0_161\jre\bin\zip.dll
0x00007ffb731b0000 - 0x00007ffb73895000 	C:\WINDOWS\System32\SHELL32.dll
0x00007ffb721d0000 - 0x00007ffb72279000 	C:\WINDOWS\System32\shcore.dll
0x00007ffb71350000 - 0x00007ffb71acf000 	C:\WINDOWS\System32\windows.storage.dll
0x00007ffb70990000 - 0x00007ffb709af000 	C:\WINDOWS\System32\profapi.dll
0x00007ffb70940000 - 0x00007ffb7098a000 	C:\WINDOWS\System32\powrprof.dll
0x00007ffb708f0000 - 0x00007ffb70900000 	C:\WINDOWS\System32\UMPDC.dll
0x00007ffb72760000 - 0x00007ffb727b2000 	C:\WINDOWS\System32\shlwapi.dll
0x00007ffb70920000 - 0x00007ffb70931000 	C:\WINDOWS\System32\kernel.appcore.dll
0x00007ffb70f50000 - 0x00007ffb70f67000 	C:\WINDOWS\System32\cryptsp.dll
0x00007ffb6fcd0000 - 0x00007ffb6fd03000 	C:\WINDOWS\system32\rsaenh.dll
0x00007ffb712c0000 - 0x00007ffb712e6000 	C:\WINDOWS\System32\bcrypt.dll
0x00007ffb707e0000 - 0x00007ffb70805000 	C:\WINDOWS\SYSTEM32\USERENV.dll
0x00007ffb70330000 - 0x00007ffb7033c000 	C:\WINDOWS\SYSTEM32\CRYPTBASE.dll
0x0000000057290000 - 0x00000000572aa000 	C:\Program Files\Java\jdk1.8.0_161\jre\bin\net.dll
0x00007ffb70160000 - 0x00007ffb701c7000 	C:\WINDOWS\system32\mswsock.dll
0x00007ffb6fe70000 - 0x00007ffb6feaa000 	C:\WINDOWS\SYSTEM32\IPHLPAPI.DLL
0x00007ffb72870000 - 0x00007ffb72878000 	C:\WINDOWS\System32\NSI.dll
0x00007ffb6b030000 - 0x00007ffb6b046000 	C:\WINDOWS\SYSTEM32\dhcpcsvc6.DLL
0x00007ffb6b050000 - 0x00007ffb6b06c000 	C:\WINDOWS\SYSTEM32\dhcpcsvc.DLL
0x00007ffb6fec0000 - 0x00007ffb6ff8a000 	C:\WINDOWS\SYSTEM32\DNSAPI.dll
0x0000000057270000 - 0x0000000057281000 	C:\Program Files\Java\jdk1.8.0_161\jre\bin\nio.dll
0x00007ffb59bd0000 - 0x00007ffb59bda000 	C:\Users\JMATOS\AppData\Local\Temp\jansi-1.17-6508969517356147028.dll
0x00007ffb59bc0000 - 0x00007ffb59bca000 	C:\Users\JMATOS\AppData\Local\Temp\jansi-1.17-6180762252626029280.dll

VM Arguments:
jvm_args: -Dmaven.home=EMBEDDED -Dclassworlds.conf=D:\proyectos\laser-restoration\orhqrsys-onp\.metadata\.plugins\org.eclipse.m2e.launching\launches\m2conf1807463403979136690.tmp -Dmaven.multiModuleProjectDirectory=D:\proyectos\laser-restoration\orhqrsys-onp\ORHQRSYS -Dfile.encoding=Cp1252 
java_command: org.codehaus.plexus.classworlds.launcher.Launcher -Ppom.xml -B install
java_class_path (initial): C:\sw\sts\sts-3.9.8.RELEASE\sts-3.9.8.RELEASE\plugins\org.eclipse.m2e.maven.runtime_1.11.0.20190220-2117\jars\plexus-classworlds-2.5.2.jar
Launcher Type: SUN_STANDARD

Environment Variables:
JAVA_HOME=C:\Program Files\Java\jdk1.6.0_45
CLASSPATH=C:\Program Files\Java\jdk1.6.0_45\src.zip
PATH=C:\Python27\;C:\Python27\Scripts;C:\Windows\system32;C:\Windows;C:\Windows\System32\Wbem;C:\Windows\System32\WindowsPowerShell\v1.0\;C:\Program Files (x86)\NVIDIA Corporation\PhysX\Common;C:\Program Files\Cloud Foundry;C:\Program Files\Git\cmd;C:\Program Files\Git\mingw64\bin;C:\Program Files\Git\usr\bin;C:\Program Files\Java\jdk1.6.0_45\bin;C:\sw\apache-maven-3.5.0\bin;C:\WINDOWS\system32;C:\WINDOWS;C:\WINDOWS\System32\Wbem;C:\WINDOWS\System32\WindowsPowerShell\v1.0\;C:\WINDOWS\System32\OpenSSH\;C:\Program Files\SourceGear\Common\DiffMerge\;C:\Program Files\PuTTY\;C:\oraclexe\app\oracle\product\11.2.0\server\bin;C:\Program Files\RabbitMQ Server\rabbitmq_server-3.8.1\sbin;C:\Program Files\nodejs\;C:\ProgramData\chocolatey\bin;C:\Users\JMATOS\AppData\Local\Microsoft\WindowsApps;C:\Program Files\Microsoft VS Code\bin;C:\Users\JMATOS\AppData\Local\Programs\Microsoft VS Code\bin;C:\Users\JMATOS\AppData\Roaming\npm
USERNAME=JMATOS
OS=Windows_NT
PROCESSOR_IDENTIFIER=Intel64 Family 6 Model 142 Stepping 9, GenuineIntel



---------------  S Y S T E M  ---------------

OS: Windows 10.0 , 64 bit Build 18362 (10.0.18362.329)

CPU:total 4 (initial active 4) (2 cores per cpu, 2 threads per core) family 6 model 142 stepping 9, cmov, cx8, fxsr, mmx, sse, sse2, sse3, ssse3, sse4.1, sse4.2, popcnt, avx, avx2, aes, clmul, erms, 3dnowpref, lzcnt, ht, tsc, tscinvbit, bmi1, bmi2, adx

Memory: 4k page, physical 12480740k(1905180k free), swap 12480740k(5744k free)

vm_info: Java HotSpot(TM) 64-Bit Server VM (25.161-b12) for windows-amd64 JRE (1.8.0_161-b12), built on Dec 19 2017 17:52:25 by "java_re" with MS VC++ 10.0 (VS2010)

time: Tue Jan 07 20:34:58 2020
elapsed time: 4 seconds (0d 0h 0m 4s)

