#
# There is insufficient memory for the Java Runtime Environment to continue.
# Native memory allocation (malloc) failed to allocate 1337744 bytes for Chunk::new
# Possible reasons:
#   The system is out of physical RAM or swap space
#   In 32 bit mode, the process size limit was hit
# Possible solutions:
#   Reduce memory load on the system
#   Increase physical memory or swap space
#   Check if swap backing store is full
#   Use 64 bit Java on a 64 bit OS
#   Decrease Java heap size (-Xmx/-Xms)
#   Decrease number of Java threads
#   Decrease Java thread stack sizes (-Xss)
#   Set larger code cache with -XX:ReservedCodeCacheSize=
# This output file may be truncated or incomplete.
#
#  Out of Memory Error (allocation.cpp:390), pid=8768, tid=0x00000000000044f0
#
# JRE version: Java(TM) SE Runtime Environment (8.0_161-b12) (build 1.8.0_161-b12)
# Java VM: Java HotSpot(TM) 64-Bit Server VM (25.161-b12 mixed mode windows-amd64 compressed oops)
# Failed to write core dump. Minidumps are not enabled by default on client versions of Windows
#

---------------  T H R E A D  ---------------

Current thread (0x0000000019ff1000):  JavaThread "C2 CompilerThread0" daemon [_thread_in_native, id=17648, stack(0x000000001b660000,0x000000001b760000)]

Stack: [0x000000001b660000,0x000000001b760000]
[error occurred during error reporting (printing stack bounds), id 0xc0000005]

Native frames: (J=compiled Java code, j=interpreted, Vv=VM code, C=native code)


Current CompileTask:
C2:   3286 1964   !   4       org.codehaus.plexus.interpolation.StringSearchInterpolator::interpolate (650 bytes)


---------------  P R O C E S S  ---------------

Java Threads: ( => current thread )
  0x000000001a04e000 JavaThread "Service Thread" daemon [_thread_blocked, id=19304, stack(0x000000001bd60000,0x000000001be60000)]
  0x0000000019ffd000 JavaThread "C1 CompilerThread2" daemon [_thread_blocked, id=16308, stack(0x000000001b860000,0x000000001b960000)]
  0x0000000019ff8000 JavaThread "C2 CompilerThread1" daemon [_thread_in_native, id=19372, stack(0x000000001b760000,0x000000001b860000)]
=>0x0000000019ff1000 JavaThread "C2 CompilerThread0" daemon [_thread_in_native, id=17648, stack(0x000000001b660000,0x000000001b760000)]
  0x0000000019fec800 JavaThread "Attach Listener" daemon [_thread_blocked, id=10800, stack(0x000000001b560000,0x000000001b660000)]
  0x0000000019feb800 JavaThread "Signal Dispatcher" daemon [_thread_blocked, id=17292, stack(0x000000001b460000,0x000000001b560000)]
  0x0000000002edd800 JavaThread "Finalizer" daemon [_thread_blocked, id=11860, stack(0x000000001b240000,0x000000001b340000)]
  0x0000000002ed2000 JavaThread "Reference Handler" daemon [_thread_blocked, id=20792, stack(0x000000001b140000,0x000000001b240000)]
  0x0000000002de2800 JavaThread "main" [_thread_in_native, id=10676, stack(0x00000000014c0000,0x00000000015c0000)]

Other Threads:
  0x0000000019fb7800 VMThread [stack: 0x000000001b040000,0x000000001b140000] [id=19676]
  0x000000001b9ab800 WatcherThread [stack: 0x000000001be60000,0x000000001bf60000] [id=20824]

VM state:not at safepoint (normal execution)

VM Mutex/Monitor currently owned by a thread: None

Heap:
 PSYoungGen      total 57344K, used 16290K [0x0000000780800000, 0x0000000784800000, 0x00000007c0000000)
  eden space 49152K, 16% used [0x0000000780800000,0x0000000780feef08,0x0000000783800000)
  from space 8192K, 99% used [0x0000000783800000,0x0000000783ff9a70,0x0000000784000000)
  to   space 8192K, 0% used [0x0000000784000000,0x0000000784000000,0x0000000784800000)
 ParOldGen       total 131072K, used 5840K [0x0000000701800000, 0x0000000709800000, 0x0000000780800000)
  object space 131072K, 4% used [0x0000000701800000,0x0000000701db4038,0x0000000709800000)
 Metaspace       used 15633K, capacity 15890K, committed 16128K, reserved 1062912K
  class space    used 1883K, capacity 1977K, committed 2048K, reserved 1048576K

Card table byte_map: [0x0000000012310000,0x0000000012910000] byte_map_base: 0x000000000eb04000

Marking Bits: (ParMarkBitMap*) 0x0000000052aff860
 Begin Bits: [0x0000000013110000, 0x00000000160b0000)
 End Bits:   [0x00000000160b0000, 0x0000000019050000)

Polling page: 0x0000000000bf0000

CodeCache: size=245760Kb used=8380Kb max_used=8380Kb free=237379Kb
 bounds [0x0000000002f50000, 0x0000000003790000, 0x0000000011f50000]
 total_blobs=2812 nmethods=2447 adapters=277
 compilation: enabled

Compilation events (10 events):
Event: 3.162 Thread 0x0000000019ffd000 2407       1       org.apache.maven.repository.internal.DefaultVersionResolver$Key::hashCode (5 bytes)
Event: 3.162 Thread 0x0000000019ffd000 nmethod 2407 0x000000000375bbd0 code [0x000000000375bd20, 0x000000000375be30]
Event: 3.162 Thread 0x0000000019ffd000 2408       1       org.eclipse.aether.resolution.VersionResult::getVersion (5 bytes)
Event: 3.162 Thread 0x0000000019ffd000 nmethod 2408 0x000000000375b910 code [0x000000000375ba60, 0x000000000375bb70]
Event: 3.163 Thread 0x0000000019ffd000 2409       3       java.io.FileInputStream::<init> (110 bytes)
Event: 3.164 Thread 0x0000000019ffd000 nmethod 2409 0x000000000375f190 code [0x000000000375f3a0, 0x000000000375fe18]
Event: 3.164 Thread 0x0000000019ffd000 2410       3       java.io.FileInputStream::open (6 bytes)
Event: 3.164 Thread 0x0000000019ffd000 nmethod 2410 0x000000000375b590 code [0x000000000375b700, 0x000000000375b888]
Event: 3.164 Thread 0x0000000019ffd000 2411       3       java.io.FileInputStream$1::close (8 bytes)
Event: 3.165 Thread 0x0000000019ffd000 nmethod 2411 0x000000000375b150 code [0x000000000375b2c0, 0x000000000375b4a8]

GC Heap History (6 events):
Event: 1.485 GC heap before
{Heap before GC invocations=1 (full 0):
 PSYoungGen      total 57344K, used 49152K [0x0000000780800000, 0x0000000784800000, 0x00000007c0000000)
  eden space 49152K, 100% used [0x0000000780800000,0x0000000783800000,0x0000000783800000)
  from space 8192K, 0% used [0x0000000784000000,0x0000000784000000,0x0000000784800000)
  to   space 8192K, 0% used [0x0000000783800000,0x0000000783800000,0x0000000784000000)
 ParOldGen       total 131072K, used 0K [0x0000000701800000, 0x0000000709800000, 0x0000000780800000)
  object space 131072K, 0% used [0x0000000701800000,0x0000000701800000,0x0000000709800000)
 Metaspace       used 10107K, capacity 10328K, committed 10624K, reserved 1058816K
  class space    used 1233K, capacity 1313K, committed 1408K, reserved 1048576K
Event: 1.491 GC heap after
Heap after GC invocations=1 (full 0):
 PSYoungGen      total 57344K, used 7347K [0x0000000780800000, 0x0000000784800000, 0x00000007c0000000)
  eden space 49152K, 0% used [0x0000000780800000,0x0000000780800000,0x0000000783800000)
  from space 8192K, 89% used [0x0000000783800000,0x0000000783f2ceb8,0x0000000784000000)
  to   space 8192K, 0% used [0x0000000784000000,0x0000000784000000,0x0000000784800000)
 ParOldGen       total 131072K, used 16K [0x0000000701800000, 0x0000000709800000, 0x0000000780800000)
  object space 131072K, 0% used [0x0000000701800000,0x0000000701804000,0x0000000709800000)
 Metaspace       used 10107K, capacity 10328K, committed 10624K, reserved 1058816K
  class space    used 1233K, capacity 1313K, committed 1408K, reserved 1048576K
}
Event: 2.612 GC heap before
{Heap before GC invocations=2 (full 0):
 PSYoungGen      total 57344K, used 56499K [0x0000000780800000, 0x0000000784800000, 0x00000007c0000000)
  eden space 49152K, 100% used [0x0000000780800000,0x0000000783800000,0x0000000783800000)
  from space 8192K, 89% used [0x0000000783800000,0x0000000783f2ceb8,0x0000000784000000)
  to   space 8192K, 0% used [0x0000000784000000,0x0000000784000000,0x0000000784800000)
 ParOldGen       total 131072K, used 16K [0x0000000701800000, 0x0000000709800000, 0x0000000780800000)
  object space 131072K, 0% used [0x0000000701800000,0x0000000701804000,0x0000000709800000)
 Metaspace       used 15051K, capacity 15276K, committed 15616K, reserved 1062912K
  class space    used 1846K, capacity 1944K, committed 2048K, reserved 1048576K
Event: 2.626 GC heap after
Heap after GC invocations=2 (full 0):
 PSYoungGen      total 57344K, used 8170K [0x0000000780800000, 0x0000000784800000, 0x00000007c0000000)
  eden space 49152K, 0% used [0x0000000780800000,0x0000000780800000,0x0000000783800000)
  from space 8192K, 99% used [0x0000000784000000,0x00000007847fa868,0x0000000784800000)
  to   space 8192K, 0% used [0x0000000783800000,0x0000000783800000,0x0000000784000000)
 ParOldGen       total 131072K, used 2658K [0x0000000701800000, 0x0000000709800000, 0x0000000780800000)
  object space 131072K, 2% used [0x0000000701800000,0x0000000701a988a8,0x0000000709800000)
 Metaspace       used 15051K, capacity 15276K, committed 15616K, reserved 1062912K
  class space    used 1846K, capacity 1944K, committed 2048K, reserved 1048576K
}
Event: 3.144 GC heap before
{Heap before GC invocations=3 (full 0):
 PSYoungGen      total 57344K, used 57322K [0x0000000780800000, 0x0000000784800000, 0x00000007c0000000)
  eden space 49152K, 100% used [0x0000000780800000,0x0000000783800000,0x0000000783800000)
  from space 8192K, 99% used [0x0000000784000000,0x00000007847fa868,0x0000000784800000)
  to   space 8192K, 0% used [0x0000000783800000,0x0000000783800000,0x0000000784000000)
 ParOldGen       total 131072K, used 2658K [0x0000000701800000, 0x0000000709800000, 0x0000000780800000)
  object space 131072K, 2% used [0x0000000701800000,0x0000000701a988a8,0x0000000709800000)
 Metaspace       used 15534K, capacity 15794K, committed 16128K, reserved 1062912K
  class space    used 1871K, capacity 1945K, committed 2048K, reserved 1048576K
Event: 3.160 GC heap after
Heap after GC invocations=3 (full 0):
 PSYoungGen      total 57344K, used 8166K [0x0000000780800000, 0x0000000784800000, 0x00000007c0000000)
  eden space 49152K, 0% used [0x0000000780800000,0x0000000780800000,0x0000000783800000)
  from space 8192K, 99% used [0x0000000783800000,0x0000000783ff9a70,0x0000000784000000)
  to   space 8192K, 0% used [0x0000000784000000,0x0000000784000000,0x0000000784800000)
 ParOldGen       total 131072K, used 5840K [0x0000000701800000, 0x0000000709800000, 0x0000000780800000)
  object space 131072K, 4% used [0x0000000701800000,0x0000000701db4038,0x0000000709800000)
 Metaspace       used 15534K, capacity 15794K, committed 16128K, reserved 1062912K
  class space    used 1871K, capacity 1945K, committed 2048K, reserved 1048576K
}

Deoptimization events (10 events):
Event: 2.290 Thread 0x0000000002de2800 Uncommon trap: reason=null_check action=make_not_entrant pc=0x0000000003503128 method=org.apache.maven.model.io.xpp3.MavenXpp3ReaderEx.checkFieldWithDuplicate(Lorg/codehaus/plexus/util/xml/pull/XmlPullParser;Ljava/lang/String;Ljava/lang/String;Ljava/util/
Event: 2.344 Thread 0x0000000002de2800 Uncommon trap: reason=unstable_if action=reinterpret pc=0x00000000034b87b8 method=java.lang.String.trim()Ljava/lang/String; @ 63
Event: 2.359 Thread 0x0000000002de2800 Uncommon trap: reason=unstable_if action=reinterpret pc=0x00000000031af6c4 method=sun.nio.cs.UTF_8$Decoder.decode([BII[C)I @ 30
Event: 2.359 Thread 0x0000000002de2800 Uncommon trap: reason=unstable_if action=reinterpret pc=0x0000000003204304 method=sun.nio.cs.UTF_8$Decoder.decodeArrayLoop(Ljava/nio/ByteBuffer;Ljava/nio/CharBuffer;)Ljava/nio/charset/CoderResult; @ 84
Event: 2.407 Thread 0x0000000002de2800 Uncommon trap: reason=unstable_if action=reinterpret pc=0x0000000003521034 method=org.codehaus.plexus.util.xml.pull.MXParser.nextImpl()I @ 310
Event: 2.550 Thread 0x0000000002de2800 Uncommon trap: reason=unstable_if action=reinterpret pc=0x00000000032e35d0 method=java.lang.String.regionMatches(ZILjava/lang/String;II)Z @ 25
Event: 2.983 Thread 0x0000000002de2800 Uncommon trap: reason=null_check action=make_not_entrant pc=0x00000000036f08e8 method=org.apache.maven.model.io.xpp3.MavenXpp3Reader.checkFieldWithDuplicate(Lorg/codehaus/plexus/util/xml/pull/XmlPullParser;Ljava/lang/String;Ljava/lang/String;Ljava/util/Se
Event: 3.022 Thread 0x0000000002de2800 Uncommon trap: reason=unstable_if action=reinterpret pc=0x00000000035738b4 method=org.codehaus.plexus.util.xml.pull.MXParser.nextImpl()I @ 1161
Event: 3.083 Thread 0x0000000002de2800 Uncommon trap: reason=unstable_if action=reinterpret pc=0x000000000331c088 method=java.util.HashMap.hash(Ljava/lang/Object;)I @ 1
Event: 3.083 Thread 0x0000000002de2800 Uncommon trap: reason=unstable_if action=reinterpret pc=0x0000000003333fa8 method=java.util.HashMap.hash(Ljava/lang/Object;)I @ 1

Classes redefined (0 events):
No events

Internal exceptions (10 events):
Event: 2.053 Thread 0x0000000002de2800 Exception <a 'java/lang/NullPointerException'> (0x00000007826be9f0) thrown at [C:\re\workspace\8-2-build-windows-amd64-cygwin\jdk8u161\10277\hotspot\src\share\vm\interpreter\linkResolver.cpp, line 1185]
Event: 2.054 Thread 0x0000000002de2800 Exception <a 'java/lang/NullPointerException'> (0x00000007826d5be0) thrown at [C:\re\workspace\8-2-build-windows-amd64-cygwin\jdk8u161\10277\hotspot\src\share\vm\interpreter\linkResolver.cpp, line 1185]
Event: 2.054 Thread 0x0000000002de2800 Exception <a 'java/lang/NullPointerException'> (0x00000007826d5df8) thrown at [C:\re\workspace\8-2-build-windows-amd64-cygwin\jdk8u161\10277\hotspot\src\share\vm\interpreter\linkResolver.cpp, line 1185]
Event: 2.054 Thread 0x0000000002de2800 Exception <a 'java/lang/NullPointerException'> (0x00000007826d6010) thrown at [C:\re\workspace\8-2-build-windows-amd64-cygwin\jdk8u161\10277\hotspot\src\share\vm\interpreter\linkResolver.cpp, line 1185]
Event: 2.088 Thread 0x0000000002de2800 Implicit null exception at 0x00000000031c10d6 to 0x00000000031c1481
Event: 2.088 Thread 0x0000000002de2800 Implicit null exception at 0x0000000003174196 to 0x0000000003174539
Event: 2.290 Thread 0x0000000002de2800 Implicit null exception at 0x0000000003502ec3 to 0x000000000350310d
Event: 2.983 Thread 0x0000000002de2800 Implicit null exception at 0x00000000036f0683 to 0x00000000036f08cd
Event: 3.083 Thread 0x0000000002de2800 Implicit null exception at 0x000000000331be55 to 0x000000000331c079
Event: 3.083 Thread 0x0000000002de2800 Implicit null exception at 0x0000000003333f2f to 0x0000000003333f99

Events (10 events):
Event: 3.083 Thread 0x0000000002de2800 DEOPT UNPACKING pc=0x0000000002f9583b sp=0x00000000015be478 mode 2
Event: 3.083 Thread 0x0000000002de2800 Uncommon trap: trap_request=0xffffff65 fr.pc=0x0000000003333fa8
Event: 3.083 Thread 0x0000000002de2800 DEOPT PACKING pc=0x0000000003333fa8 sp=0x00000000015be4e0
Event: 3.083 Thread 0x0000000002de2800 DEOPT UNPACKING pc=0x0000000002f9583b sp=0x00000000015be480 mode 2
Event: 3.084 Executing VM operation: ForceSafepoint
Event: 3.084 Executing VM operation: ForceSafepoint done
Event: 3.106 Thread 0x0000000002de2800 DEOPT PACKING pc=0x000000000354d1da sp=0x00000000015bd810
Event: 3.106 Thread 0x0000000002de2800 DEOPT UNPACKING pc=0x0000000002f97890 sp=0x00000000015bd5a8 mode 0
Event: 3.144 Executing VM operation: ParallelGCFailedAllocation
Event: 3.160 Executing VM operation: ParallelGCFailedAllocation done


Dynamic libraries:
0x00007ff6db210000 - 0x00007ff6db247000 	C:\Program Files\Java\jdk1.8.0_161\bin\javaw.exe
0x00007ffda77c0000 - 0x00007ffda79b0000 	C:\WINDOWS\SYSTEM32\ntdll.dll
0x00007ffda6360000 - 0x00007ffda6412000 	C:\WINDOWS\System32\KERNEL32.DLL
0x00007ffda49e0000 - 0x00007ffda4c83000 	C:\WINDOWS\System32\KERNELBASE.dll
0x00007ffda6420000 - 0x00007ffda64c3000 	C:\WINDOWS\System32\ADVAPI32.dll
0x00007ffda7000000 - 0x00007ffda709e000 	C:\WINDOWS\System32\msvcrt.dll
0x00007ffda6b70000 - 0x00007ffda6c07000 	C:\WINDOWS\System32\sechost.dll
0x00007ffda7120000 - 0x00007ffda7240000 	C:\WINDOWS\System32\RPCRT4.dll
0x00007ffda69d0000 - 0x00007ffda6b64000 	C:\WINDOWS\System32\USER32.dll
0x00007ffda5040000 - 0x00007ffda5061000 	C:\WINDOWS\System32\win32u.dll
0x00007ffda64e0000 - 0x00007ffda6506000 	C:\WINDOWS\System32\GDI32.dll
0x00007ffda4ea0000 - 0x00007ffda5034000 	C:\WINDOWS\System32\gdi32full.dll
0x00007ffda4e00000 - 0x00007ffda4e9e000 	C:\WINDOWS\System32\msvcp_win.dll
0x00007ffda4c90000 - 0x00007ffda4d8a000 	C:\WINDOWS\System32\ucrtbase.dll
0x00007ffd94160000 - 0x00007ffd943e5000 	C:\WINDOWS\WinSxS\amd64_microsoft.windows.common-controls_6595b64144ccf1df_6.0.18362.592_none_e6c0b1911312be02\COMCTL32.dll
0x00007ffda5870000 - 0x00007ffda5ba6000 	C:\WINDOWS\System32\combase.dll
0x00007ffda5070000 - 0x00007ffda50f0000 	C:\WINDOWS\System32\bcryptPrimitives.dll
0x00007ffda6e00000 - 0x00007ffda6e2e000 	C:\WINDOWS\System32\IMM32.DLL
0x00000000541b0000 - 0x0000000054282000 	C:\Program Files\Java\jdk1.8.0_161\jre\bin\msvcr100.dll
0x00000000522e0000 - 0x0000000052b7f000 	C:\Program Files\Java\jdk1.8.0_161\jre\bin\server\jvm.dll
0x00007ffda6ff0000 - 0x00007ffda6ff8000 	C:\WINDOWS\System32\PSAPI.DLL
0x00007ffd9ccd0000 - 0x00007ffd9ccda000 	C:\WINDOWS\SYSTEM32\VERSION.dll
0x00007ffd9cb10000 - 0x00007ffd9cb34000 	C:\WINDOWS\SYSTEM32\WINMM.dll
0x00007ffd82f10000 - 0x00007ffd82f19000 	C:\WINDOWS\SYSTEM32\WSOCK32.dll
0x00007ffd9cae0000 - 0x00007ffd9cb0d000 	C:\WINDOWS\SYSTEM32\winmmbase.dll
0x00007ffda6960000 - 0x00007ffda69cf000 	C:\WINDOWS\System32\WS2_32.dll
0x00007ffda4d90000 - 0x00007ffda4dda000 	C:\WINDOWS\System32\cfgmgr32.dll
0x00000000541a0000 - 0x00000000541af000 	C:\Program Files\Java\jdk1.8.0_161\jre\bin\verify.dll
0x0000000054170000 - 0x0000000054199000 	C:\Program Files\Java\jdk1.8.0_161\jre\bin\java.dll
0x0000000054150000 - 0x0000000054166000 	C:\Program Files\Java\jdk1.8.0_161\jre\bin\zip.dll
0x00007ffda5c60000 - 0x00007ffda6345000 	C:\WINDOWS\System32\SHELL32.dll
0x00007ffda6c10000 - 0x00007ffda6cb9000 	C:\WINDOWS\System32\shcore.dll
0x00007ffda50f0000 - 0x00007ffda586f000 	C:\WINDOWS\System32\windows.storage.dll
0x00007ffda4710000 - 0x00007ffda472f000 	C:\WINDOWS\System32\profapi.dll
0x00007ffda46c0000 - 0x00007ffda470a000 	C:\WINDOWS\System32\powrprof.dll
0x00007ffda4690000 - 0x00007ffda46a0000 	C:\WINDOWS\System32\UMPDC.dll
0x00007ffda68a0000 - 0x00007ffda68f2000 	C:\WINDOWS\System32\shlwapi.dll
0x00007ffda4730000 - 0x00007ffda4741000 	C:\WINDOWS\System32\kernel.appcore.dll
0x00007ffda4de0000 - 0x00007ffda4df7000 	C:\WINDOWS\System32\cryptsp.dll
0x00007ffda3a70000 - 0x00007ffda3aa3000 	C:\WINDOWS\system32\rsaenh.dll
0x00007ffda49b0000 - 0x00007ffda49d6000 	C:\WINDOWS\System32\bcrypt.dll
0x00007ffda45b0000 - 0x00007ffda45d5000 	C:\WINDOWS\SYSTEM32\USERENV.dll
0x00007ffda40d0000 - 0x00007ffda40dc000 	C:\WINDOWS\SYSTEM32\CRYPTBASE.dll
0x0000000054130000 - 0x000000005414a000 	C:\Program Files\Java\jdk1.8.0_161\jre\bin\net.dll
0x00007ffda3f00000 - 0x00007ffda3f67000 	C:\WINDOWS\system32\mswsock.dll
0x00007ffda3c10000 - 0x00007ffda3c4a000 	C:\WINDOWS\SYSTEM32\IPHLPAPI.DLL
0x00007ffda6350000 - 0x00007ffda6358000 	C:\WINDOWS\System32\NSI.dll
0x00007ffd9cac0000 - 0x00007ffd9cad6000 	C:\WINDOWS\SYSTEM32\dhcpcsvc6.DLL
0x00007ffd9caa0000 - 0x00007ffd9cabc000 	C:\WINDOWS\SYSTEM32\dhcpcsvc.DLL
0x00007ffda3c60000 - 0x00007ffda3d2a000 	C:\WINDOWS\SYSTEM32\DNSAPI.dll
0x0000000054110000 - 0x0000000054121000 	C:\Program Files\Java\jdk1.8.0_161\jre\bin\nio.dll
0x00007ffda0ec0000 - 0x00007ffda0eca000 	C:\Users\JMATOS\AppData\Local\Temp\jansi-1.17-8208059518426110653.dll
0x00007ffd9ee20000 - 0x00007ffd9ee2a000 	C:\Users\JMATOS\AppData\Local\Temp\jansi-1.17-8481169976533975456.dll

VM Arguments:
jvm_args: -Dmaven.home=EMBEDDED -Dclassworlds.conf=D:\proyectos\laser-restoration\orhqrsys-onp\.metadata\.plugins\org.eclipse.m2e.launching\launches\m2conf7248774830821466181.tmp -Dmaven.multiModuleProjectDirectory=D:\proyectos\laser-restoration\orhqrsys-onp\ORHQRSYS -Dfile.encoding=Cp1252 
java_command: org.codehaus.plexus.classworlds.launcher.Launcher -Ppom.xml -B install
java_class_path (initial): C:\sw\sts\sts-3.9.8.RELEASE\sts-3.9.8.RELEASE\plugins\org.eclipse.m2e.maven.runtime_1.11.0.20190220-2117\jars\plexus-classworlds-2.5.2.jar
Launcher Type: SUN_STANDARD

Environment Variables:
JAVA_HOME=C:\Program Files\Java\jdk1.6.0_45
CLASSPATH=%JAVA_HOME%\src.zip
PATH=C:\Python27\;C:\Python27\Scripts;C:\Windows\system32;C:\Windows;C:\Windows\System32\Wbem;C:\Windows\System32\WindowsPowerShell\v1.0\;C:\Program Files (x86)\NVIDIA Corporation\PhysX\Common;C:\Program Files\Cloud Foundry;C:\Program Files\Git\cmd;C:\Program Files\Git\mingw64\bin;C:\Program Files\Git\usr\bin;C:\Program Files\Java\jdk1.6.0_45\bin;C:\sw\apache-maven-3.5.0\bin;C:\WINDOWS\system32;C:\WINDOWS;C:\WINDOWS\System32\Wbem;C:\WINDOWS\System32\WindowsPowerShell\v1.0\;C:\WINDOWS\System32\OpenSSH\;C:\Program Files\SourceGear\Common\DiffMerge\;C:\Program Files\PuTTY\;C:\oraclexe\app\oracle\product\11.2.0\server\bin;C:\Program Files\RabbitMQ Server\rabbitmq_server-3.8.1\sbin;C:\Program Files\nodejs\;C:\ProgramData\chocolatey\bin;C:\Users\JMATOS\AppData\Local\Microsoft\WindowsApps;C:\Program Files\Microsoft VS Code\bin;C:\Users\JMATOS\AppData\Local\Programs\Microsoft VS Code\bin;C:\Users\JMATOS\AppData\Roaming\npm
USERNAME=JMATOS
OS=Windows_NT
PROCESSOR_IDENTIFIER=Intel64 Family 6 Model 142 Stepping 9, GenuineIntel



---------------  S Y S T E M  ---------------

OS: Windows 10.0 , 64 bit Build 18362 (10.0.18362.329)

CPU:total 4 (initial active 4) (2 cores per cpu, 2 threads per core) family 6 model 142 stepping 9, cmov, cx8, fxsr, mmx, sse, sse2, sse3, ssse3, sse4.1, sse4.2, popcnt, avx, avx2, aes, clmul, erms, 3dnowpref, lzcnt, ht, tsc, tscinvbit, bmi1, bmi2, adx

Memory: 4k page, physical 12480740k(2696668k free), swap 12480740k(6128k free)

vm_info: Java HotSpot(TM) 64-Bit Server VM (25.161-b12) for windows-amd64 JRE (1.8.0_161-b12), built on Dec 19 2017 17:52:25 by "java_re" with MS VC++ 10.0 (VS2010)

time: Mon Feb 03 01:07:44 2020
elapsed time: 3 seconds (0d 0h 0m 3s)

