#
# There is insufficient memory for the Java Runtime Environment to continue.
# Native memory allocation (malloc) failed to allocate 98736 bytes for Chunk::new
# Possible reasons:
#   The system is out of physical RAM or swap space
#   In 32 bit mode, the process size limit was hit
# Possible solutions:
#   Reduce memory load on the system
#   Increase physical memory or swap space
#   Check if swap backing store is full
#   Use 64 bit Java on a 64 bit OS
#   Decrease Java heap size (-Xmx/-Xms)
#   Decrease number of Java threads
#   Decrease Java thread stack sizes (-Xss)
#   Set larger code cache with -XX:ReservedCodeCacheSize=
# This output file may be truncated or incomplete.
#
#  Out of Memory Error (allocation.cpp:390), pid=17192, tid=0x000000000000469c
#
# JRE version: Java(TM) SE Runtime Environment (8.0_161-b12) (build 1.8.0_161-b12)
# Java VM: Java HotSpot(TM) 64-Bit Server VM (25.161-b12 mixed mode windows-amd64 compressed oops)
# Failed to write core dump. Minidumps are not enabled by default on client versions of Windows
#

---------------  T H R E A D  ---------------

Current thread (0x0000000019b77000):  JavaThread "C2 CompilerThread1" daemon [_thread_in_native, id=18076, stack(0x000000001b2e0000,0x000000001b3e0000)]

Stack: [0x000000001b2e0000,0x000000001b3e0000]
[error occurred during error reporting (printing stack bounds), id 0xc0000005]

Native frames: (J=compiled Java code, j=interpreted, Vv=VM code, C=native code)


Current CompileTask:
C2:   2379 1076       4       java.io.DataOutputStream::writeUTF (435 bytes)


---------------  P R O C E S S  ---------------

Java Threads: ( => current thread )
  0x000000001b502800 JavaThread "Service Thread" daemon [_thread_blocked, id=11608, stack(0x000000001b8e0000,0x000000001b9e0000)]
  0x0000000019b7b800 JavaThread "C1 CompilerThread2" daemon [_thread_blocked, id=10872, stack(0x000000001b3e0000,0x000000001b4e0000)]
=>0x0000000019b77000 JavaThread "C2 CompilerThread1" daemon [_thread_in_native, id=18076, stack(0x000000001b2e0000,0x000000001b3e0000)]
  0x0000000019b70000 JavaThread "C2 CompilerThread0" daemon [_thread_in_native, id=22748, stack(0x000000001b1e0000,0x000000001b2e0000)]
  0x0000000019b6b800 JavaThread "Attach Listener" daemon [_thread_blocked, id=16400, stack(0x000000001b0e0000,0x000000001b1e0000)]
  0x0000000019b6a000 JavaThread "Signal Dispatcher" daemon [_thread_blocked, id=7544, stack(0x000000001afe0000,0x000000001b0e0000)]
  0x0000000002acd800 JavaThread "Finalizer" daemon [_thread_blocked, id=6060, stack(0x000000001adc0000,0x000000001aec0000)]
  0x0000000002ac2000 JavaThread "Reference Handler" daemon [_thread_blocked, id=13956, stack(0x000000001acc0000,0x000000001adc0000)]
  0x00000000029d2800 JavaThread "main" [_thread_in_vm, id=15752, stack(0x00000000028d0000,0x00000000029d0000)]

Other Threads:
  0x0000000019b37800 VMThread [stack: 0x000000001abc0000,0x000000001acc0000] [id=16768]
  0x000000001b51c000 WatcherThread [stack: 0x000000001b9e0000,0x000000001bae0000] [id=3392]

VM state:not at safepoint (normal execution)

VM Mutex/Monitor currently owned by a thread: None

Heap:
 PSYoungGen      total 57344K, used 34474K [0x0000000780800000, 0x0000000784800000, 0x00000007c0000000)
  eden space 49152K, 55% used [0x0000000780800000,0x0000000782294488,0x0000000783800000)
  from space 8192K, 88% used [0x0000000783800000,0x0000000783f164a0,0x0000000784000000)
  to   space 8192K, 0% used [0x0000000784000000,0x0000000784000000,0x0000000784800000)
 ParOldGen       total 131072K, used 16K [0x0000000701800000, 0x0000000709800000, 0x0000000780800000)
  object space 131072K, 0% used [0x0000000701800000,0x0000000701804000,0x0000000709800000)
 Metaspace       used 13193K, capacity 13440K, committed 13568K, reserved 1060864K
  class space    used 1665K, capacity 1770K, committed 1792K, reserved 1048576K

Card table byte_map: [0x0000000011e90000,0x0000000012490000] byte_map_base: 0x000000000e684000

Marking Bits: (ParMarkBitMap*) 0x000000005bebf860
 Begin Bits: [0x0000000012c90000, 0x0000000015c30000)
 End Bits:   [0x0000000015c30000, 0x0000000018bd0000)

Polling page: 0x0000000000b40000

CodeCache: size=245760Kb used=4874Kb max_used=4874Kb free=240886Kb
 bounds [0x0000000002ad0000, 0x0000000002fa0000, 0x0000000011ad0000]
 total_blobs=1676 nmethods=1334 adapters=254
 compilation: enabled

Compilation events (10 events):
Event: 2.245 Thread 0x0000000019b70000 1135       4       java.util.ArrayList$Itr::next (66 bytes)
Event: 2.247 Thread 0x0000000019b70000 nmethod 1135 0x0000000002f25510 code [0x0000000002f25660, 0x0000000002f25778]
Event: 2.251 Thread 0x0000000019b7b800 1136       3       com.google.common.collect.Lists::newArrayList (8 bytes)
Event: 2.251 Thread 0x0000000019b7b800 nmethod 1136 0x0000000002f24910 code [0x0000000002f24a80, 0x0000000002f24db0]
Event: 2.256 Thread 0x0000000019b7b800 1138       3       java.io.DataOutputStream::writeInt (65 bytes)
Event: 2.256 Thread 0x0000000019b7b800 nmethod 1138 0x0000000002f23c90 code [0x0000000002f23e40, 0x0000000002f243b8]
Event: 2.257 Thread 0x0000000019b7b800 1139       1       java.util.concurrent.locks.AbstractOwnableSynchronizer::getExclusiveOwnerThread (5 bytes)
Event: 2.257 Thread 0x0000000019b7b800 nmethod 1139 0x0000000002f239d0 code [0x0000000002f23b20, 0x0000000002f23c30]
Event: 2.257 Thread 0x0000000019b70000 1140       4       java.util.ArrayList::rangeCheck (22 bytes)
Event: 2.257 Thread 0x0000000019b70000 nmethod 1140 0x0000000002f22290 code [0x0000000002f223c0, 0x0000000002f22438]

GC Heap History (2 events):
Event: 1.831 GC heap before
{Heap before GC invocations=1 (full 0):
 PSYoungGen      total 57344K, used 49152K [0x0000000780800000, 0x0000000784800000, 0x00000007c0000000)
  eden space 49152K, 100% used [0x0000000780800000,0x0000000783800000,0x0000000783800000)
  from space 8192K, 0% used [0x0000000784000000,0x0000000784000000,0x0000000784800000)
  to   space 8192K, 0% used [0x0000000783800000,0x0000000783800000,0x0000000784000000)
 ParOldGen       total 131072K, used 0K [0x0000000701800000, 0x0000000709800000, 0x0000000780800000)
  object space 131072K, 0% used [0x0000000701800000,0x0000000701800000,0x0000000709800000)
 Metaspace       used 10102K, capacity 10336K, committed 10624K, reserved 1058816K
  class space    used 1230K, capacity 1313K, committed 1408K, reserved 1048576K
Event: 1.839 GC heap after
Heap after GC invocations=1 (full 0):
 PSYoungGen      total 57344K, used 7257K [0x0000000780800000, 0x0000000784800000, 0x00000007c0000000)
  eden space 49152K, 0% used [0x0000000780800000,0x0000000780800000,0x0000000783800000)
  from space 8192K, 88% used [0x0000000783800000,0x0000000783f164a0,0x0000000784000000)
  to   space 8192K, 0% used [0x0000000784000000,0x0000000784000000,0x0000000784800000)
 ParOldGen       total 131072K, used 16K [0x0000000701800000, 0x0000000709800000, 0x0000000780800000)
  object space 131072K, 0% used [0x0000000701800000,0x0000000701804000,0x0000000709800000)
 Metaspace       used 10102K, capacity 10336K, committed 10624K, reserved 1058816K
  class space    used 1230K, capacity 1313K, committed 1408K, reserved 1048576K
}

Deoptimization events (10 events):
Event: 1.381 Thread 0x00000000029d2800 Uncommon trap: reason=unstable_if action=reinterpret pc=0x0000000002d9c750 method=java.nio.charset.CoderResult.isOverflow()Z @ 5
Event: 1.434 Thread 0x00000000029d2800 Uncommon trap: reason=unstable_if action=reinterpret pc=0x0000000002db0974 method=sun.nio.cs.StreamDecoder.implRead([CII)I @ 71
Event: 1.437 Thread 0x00000000029d2800 Uncommon trap: reason=unstable_if action=reinterpret pc=0x0000000002da1cfc method=sun.nio.cs.StreamDecoder.implRead([CII)I @ 197
Event: 1.437 Thread 0x00000000029d2800 Uncommon trap: reason=unstable_if action=reinterpret pc=0x0000000002dac658 method=sun.nio.cs.StreamDecoder.read([CII)I @ 136
Event: 1.437 Thread 0x00000000029d2800 Uncommon trap: reason=unstable_if action=reinterpret pc=0x0000000002d98af4 method=java.io.Reader.read()I @ 12
Event: 1.457 Thread 0x00000000029d2800 Uncommon trap: reason=unstable_if action=reinterpret pc=0x0000000002d980cc method=java.io.Reader.read()I @ 12
Event: 1.457 Thread 0x00000000029d2800 Uncommon trap: reason=unstable_if action=reinterpret pc=0x0000000002dc28bc method=org.codehaus.plexus.util.xml.pull.MXParser.nextImpl()I @ 241
Event: 1.664 Thread 0x00000000029d2800 Uncommon trap: reason=unstable_if action=reinterpret pc=0x0000000002d548a4 method=java.util.HashMap.getNode(ILjava/lang/Object;)Ljava/util/HashMap$Node; @ 129
Event: 1.664 Thread 0x00000000029d2800 Uncommon trap: reason=bimorphic action=maybe_recompile pc=0x0000000002e3fe9c method=java.util.HashMap.putVal(ILjava/lang/Object;Ljava/lang/Object;ZZ)Ljava/lang/Object; @ 203
Event: 1.809 Thread 0x00000000029d2800 Uncommon trap: reason=unstable_if action=reinterpret pc=0x0000000002e296b4 method=java.lang.String.lastIndexOf([CII[CIII)I @ 118

Classes redefined (0 events):
No events

Internal exceptions (10 events):
Event: 1.312 Thread 0x00000000029d2800 Exception <a 'java/lang/ArrayIndexOutOfBoundsException'> (0x0000000781ed66a8) thrown at [C:\re\workspace\8-2-build-windows-amd64-cygwin\jdk8u161\10277\hotspot\src\share\vm\runtime\sharedRuntime.cpp, line 605]
Event: 1.313 Thread 0x00000000029d2800 Exception <a 'java/lang/ArrayIndexOutOfBoundsException'> (0x0000000781ed7430) thrown at [C:\re\workspace\8-2-build-windows-amd64-cygwin\jdk8u161\10277\hotspot\src\share\vm\runtime\sharedRuntime.cpp, line 605]
Event: 1.313 Thread 0x00000000029d2800 Exception <a 'java/lang/ArrayIndexOutOfBoundsException'> (0x0000000781ed8c30) thrown at [C:\re\workspace\8-2-build-windows-amd64-cygwin\jdk8u161\10277\hotspot\src\share\vm\runtime\sharedRuntime.cpp, line 605]
Event: 1.313 Thread 0x00000000029d2800 Exception <a 'java/lang/ArrayIndexOutOfBoundsException'> (0x0000000781ed99d0) thrown at [C:\re\workspace\8-2-build-windows-amd64-cygwin\jdk8u161\10277\hotspot\src\share\vm\runtime\sharedRuntime.cpp, line 605]
Event: 1.313 Thread 0x00000000029d2800 Exception <a 'java/lang/ArrayIndexOutOfBoundsException'> (0x0000000781edb718) thrown at [C:\re\workspace\8-2-build-windows-amd64-cygwin\jdk8u161\10277\hotspot\src\share\vm\runtime\sharedRuntime.cpp, line 605]
Event: 1.313 Thread 0x00000000029d2800 Exception <a 'java/lang/ArrayIndexOutOfBoundsException'> (0x0000000781eddb70) thrown at [C:\re\workspace\8-2-build-windows-amd64-cygwin\jdk8u161\10277\hotspot\src\share\vm\runtime\sharedRuntime.cpp, line 605]
Event: 1.313 Thread 0x00000000029d2800 Exception <a 'java/lang/ArrayIndexOutOfBoundsException'> (0x0000000781edf0c8) thrown at [C:\re\workspace\8-2-build-windows-amd64-cygwin\jdk8u161\10277\hotspot\src\share\vm\runtime\sharedRuntime.cpp, line 605]
Event: 1.314 Thread 0x00000000029d2800 Exception <a 'java/lang/ArrayIndexOutOfBoundsException'> (0x0000000781ee08f0) thrown at [C:\re\workspace\8-2-build-windows-amd64-cygwin\jdk8u161\10277\hotspot\src\share\vm\runtime\sharedRuntime.cpp, line 605]
Event: 1.314 Thread 0x00000000029d2800 Exception <a 'java/lang/ArrayIndexOutOfBoundsException': 86> (0x0000000781ee1f40) thrown at [C:\re\workspace\8-2-build-windows-amd64-cygwin\jdk8u161\10277\hotspot\src\share\vm\interpreter\interpreterRuntime.cpp, line 366]
Event: 1.314 Thread 0x00000000029d2800 Exception <a 'java/lang/ArrayIndexOutOfBoundsException': 24> (0x0000000781ee2c40) thrown at [C:\re\workspace\8-2-build-windows-amd64-cygwin\jdk8u161\10277\hotspot\src\share\vm\interpreter\interpreterRuntime.cpp, line 366]

Events (10 events):
Event: 2.254 loading class com/google/inject/internal/CycleDetectingLock$CycleDetectingLockFactory$ReentrantCycleDetectingLock
Event: 2.254 loading class com/google/inject/internal/CycleDetectingLock$CycleDetectingLockFactory$ReentrantCycleDetectingLock done
Event: 2.255 loading class com/google/common/collect/ListMultimap
Event: 2.255 loading class com/google/common/collect/ListMultimap done
Event: 2.255 loading class com/google/inject/internal/InternalFactoryToProviderAdapter
Event: 2.255 loading class com/google/inject/internal/InternalFactoryToProviderAdapter done
Event: 2.258 loading class com/google/inject/internal/FactoryProxy
Event: 2.258 loading class com/google/inject/internal/FactoryProxy done
Event: 2.259 loading class com/google/inject/internal/InternalFactoryToInitializableAdapter
Event: 2.259 loading class com/google/inject/internal/InternalFactoryToInitializableAdapter done


Dynamic libraries:
0x00007ff7746b0000 - 0x00007ff7746e7000 	C:\Program Files\Java\jdk1.8.0_161\bin\javaw.exe
0x00007ffd9d160000 - 0x00007ffd9d350000 	C:\WINDOWS\SYSTEM32\ntdll.dll
0x00007ffd9b920000 - 0x00007ffd9b9d2000 	C:\WINDOWS\System32\KERNEL32.DLL
0x00007ffd9a8d0000 - 0x00007ffd9ab73000 	C:\WINDOWS\System32\KERNELBASE.dll
0x00007ffd9b860000 - 0x00007ffd9b903000 	C:\WINDOWS\System32\ADVAPI32.dll
0x00007ffd9c9a0000 - 0x00007ffd9ca3e000 	C:\WINDOWS\System32\msvcrt.dll
0x00007ffd9c130000 - 0x00007ffd9c1c7000 	C:\WINDOWS\System32\sechost.dll
0x00007ffd9cf50000 - 0x00007ffd9d070000 	C:\WINDOWS\System32\RPCRT4.dll
0x00007ffd9be50000 - 0x00007ffd9bfe4000 	C:\WINDOWS\System32\USER32.dll
0x00007ffd9adf0000 - 0x00007ffd9ae11000 	C:\WINDOWS\System32\win32u.dll
0x00007ffd9b490000 - 0x00007ffd9b4b6000 	C:\WINDOWS\System32\GDI32.dll
0x00007ffd9ae20000 - 0x00007ffd9afb4000 	C:\WINDOWS\System32\gdi32full.dll
0x00007ffd9afc0000 - 0x00007ffd9b05e000 	C:\WINDOWS\System32\msvcp_win.dll
0x00007ffd9b060000 - 0x00007ffd9b15a000 	C:\WINDOWS\System32\ucrtbase.dll
0x00007ffd8b5a0000 - 0x00007ffd8b825000 	C:\WINDOWS\WinSxS\amd64_microsoft.windows.common-controls_6595b64144ccf1df_6.0.18362.476_none_e6c4b11b130f2595\COMCTL32.dll
0x00007ffd9cbf0000 - 0x00007ffd9cf26000 	C:\WINDOWS\System32\combase.dll
0x00007ffd9ab80000 - 0x00007ffd9ac00000 	C:\WINDOWS\System32\bcryptPrimitives.dll
0x00007ffd9b5f0000 - 0x00007ffd9b61e000 	C:\WINDOWS\System32\IMM32.DLL
0x000000005d1f0000 - 0x000000005d2c2000 	C:\Program Files\Java\jdk1.8.0_161\jre\bin\msvcr100.dll
0x000000005b6a0000 - 0x000000005bf3f000 	C:\Program Files\Java\jdk1.8.0_161\jre\bin\server\jvm.dll
0x00007ffd9cf30000 - 0x00007ffd9cf38000 	C:\WINDOWS\System32\PSAPI.DLL
0x00007ffd81c20000 - 0x00007ffd81c29000 	C:\WINDOWS\SYSTEM32\WSOCK32.dll
0x00007ffd93bf0000 - 0x00007ffd93bfa000 	C:\WINDOWS\SYSTEM32\VERSION.dll
0x00007ffd9b7f0000 - 0x00007ffd9b85f000 	C:\WINDOWS\System32\WS2_32.dll
0x00007ffd96e50000 - 0x00007ffd96e74000 	C:\WINDOWS\SYSTEM32\WINMM.dll
0x00007ffd96580000 - 0x00007ffd965ad000 	C:\WINDOWS\SYSTEM32\winmmbase.dll
0x00007ffd9ada0000 - 0x00007ffd9adea000 	C:\WINDOWS\System32\cfgmgr32.dll
0x000000005d1e0000 - 0x000000005d1ef000 	C:\Program Files\Java\jdk1.8.0_161\jre\bin\verify.dll
0x000000005d0e0000 - 0x000000005d109000 	C:\Program Files\Java\jdk1.8.0_161\jre\bin\java.dll
0x000000005d0c0000 - 0x000000005d0d6000 	C:\Program Files\Java\jdk1.8.0_161\jre\bin\zip.dll
0x00007ffd9c2b0000 - 0x00007ffd9c995000 	C:\WINDOWS\System32\SHELL32.dll
0x00007ffd9d070000 - 0x00007ffd9d119000 	C:\WINDOWS\System32\shcore.dll
0x00007ffd9a150000 - 0x00007ffd9a8ce000 	C:\WINDOWS\System32\windows.storage.dll
0x00007ffd9a0d0000 - 0x00007ffd9a0ef000 	C:\WINDOWS\System32\profapi.dll
0x00007ffd9a080000 - 0x00007ffd9a0ca000 	C:\WINDOWS\System32\powrprof.dll
0x00007ffd9a030000 - 0x00007ffd9a040000 	C:\WINDOWS\System32\UMPDC.dll
0x00007ffd9c1d0000 - 0x00007ffd9c222000 	C:\WINDOWS\System32\shlwapi.dll
0x00007ffd9a040000 - 0x00007ffd9a051000 	C:\WINDOWS\System32\kernel.appcore.dll
0x00007ffd9ad50000 - 0x00007ffd9ad67000 	C:\WINDOWS\System32\cryptsp.dll
0x00007ffd993b0000 - 0x00007ffd993e3000 	C:\WINDOWS\system32\rsaenh.dll
0x00007ffd9ad70000 - 0x00007ffd9ad96000 	C:\WINDOWS\System32\bcrypt.dll
0x00007ffd99f20000 - 0x00007ffd99f45000 	C:\WINDOWS\SYSTEM32\USERENV.dll
0x00007ffd99a70000 - 0x00007ffd99a7c000 	C:\WINDOWS\SYSTEM32\CRYPTBASE.dll
0x000000005d0a0000 - 0x000000005d0ba000 	C:\Program Files\Java\jdk1.8.0_161\jre\bin\net.dll
0x00007ffd998a0000 - 0x00007ffd99907000 	C:\WINDOWS\system32\mswsock.dll
0x00007ffd99550000 - 0x00007ffd9958a000 	C:\WINDOWS\SYSTEM32\IPHLPAPI.DLL
0x00007ffd9cf40000 - 0x00007ffd9cf48000 	C:\WINDOWS\System32\NSI.dll
0x00007ffd93a80000 - 0x00007ffd93a96000 	C:\WINDOWS\SYSTEM32\dhcpcsvc6.DLL
0x00007ffd93a60000 - 0x00007ffd93a7c000 	C:\WINDOWS\SYSTEM32\dhcpcsvc.DLL
0x00007ffd99590000 - 0x00007ffd9965a000 	C:\WINDOWS\SYSTEM32\DNSAPI.dll
0x000000005d080000 - 0x000000005d091000 	C:\Program Files\Java\jdk1.8.0_161\jre\bin\nio.dll
0x00007ffd94a20000 - 0x00007ffd94a2a000 	C:\Users\JMATOS\AppData\Local\Temp\jansi-1.17-1371116164874608417.dll
0x00007ffd8d020000 - 0x00007ffd8d02a000 	C:\Users\JMATOS\AppData\Local\Temp\jansi-1.17-513750457896984344.dll

VM Arguments:
jvm_args: -Dmaven.home=EMBEDDED -Dclassworlds.conf=D:\proyectos\laser-restoration\orhqrsys-onp\.metadata\.plugins\org.eclipse.m2e.launching\launches\m2conf2575696620082499098.tmp -Dmaven.multiModuleProjectDirectory=D:\proyectos\laser-restoration\orhqrsys-onp\ORHQRSYS -Dfile.encoding=Cp1252 
java_command: org.codehaus.plexus.classworlds.launcher.Launcher -Ppom.xml -B install
java_class_path (initial): C:\sw\sts\sts-3.9.8.RELEASE\sts-3.9.8.RELEASE\plugins\org.eclipse.m2e.maven.runtime_1.11.0.20190220-2117\jars\plexus-classworlds-2.5.2.jar
Launcher Type: SUN_STANDARD

Environment Variables:
JAVA_HOME=C:\Program Files\Java\jdk1.6.0_45
CLASSPATH=%JAVA_HOME%\src.zip
PATH=C:\Python27\;C:\Python27\Scripts;C:\Windows\system32;C:\Windows;C:\Windows\System32\Wbem;C:\Windows\System32\WindowsPowerShell\v1.0\;C:\Program Files (x86)\NVIDIA Corporation\PhysX\Common;C:\Program Files\Cloud Foundry;C:\Program Files\Git\cmd;C:\Program Files\Git\mingw64\bin;C:\Program Files\Git\usr\bin;C:\Program Files\Java\jdk1.6.0_45\bin;C:\sw\apache-maven-3.5.0\bin;C:\WINDOWS\system32;C:\WINDOWS;C:\WINDOWS\System32\Wbem;C:\WINDOWS\System32\WindowsPowerShell\v1.0\;C:\WINDOWS\System32\OpenSSH\;C:\Program Files\SourceGear\Common\DiffMerge\;C:\Program Files\PuTTY\;C:\oraclexe\app\oracle\product\11.2.0\server\bin;C:\Program Files\RabbitMQ Server\rabbitmq_server-3.8.1\sbin;C:\Program Files\nodejs\;C:\ProgramData\chocolatey\bin;C:\Users\JMATOS\AppData\Local\Microsoft\WindowsApps;C:\Program Files\Microsoft VS Code\bin;C:\Users\JMATOS\AppData\Local\Programs\Microsoft VS Code\bin;C:\Users\JMATOS\AppData\Roaming\npm
USERNAME=JMATOS
OS=Windows_NT
PROCESSOR_IDENTIFIER=Intel64 Family 6 Model 142 Stepping 9, GenuineIntel



---------------  S Y S T E M  ---------------

OS: Windows 10.0 , 64 bit Build 18362 (10.0.18362.329)

CPU:total 4 (initial active 4) (2 cores per cpu, 2 threads per core) family 6 model 142 stepping 9, cmov, cx8, fxsr, mmx, sse, sse2, sse3, ssse3, sse4.1, sse4.2, popcnt, avx, avx2, aes, clmul, erms, 3dnowpref, lzcnt, ht, tsc, tscinvbit, bmi1, bmi2, adx

Memory: 4k page, physical 12480740k(2083772k free), swap 12480740k(310332k free)

vm_info: Java HotSpot(TM) 64-Bit Server VM (25.161-b12) for windows-amd64 JRE (1.8.0_161-b12), built on Dec 19 2017 17:52:25 by "java_re" with MS VC++ 10.0 (VS2010)

time: Thu Dec 05 17:17:37 2019
elapsed time: 2 seconds (0d 0h 0m 2s)

