#
# There is insufficient memory for the Java Runtime Environment to continue.
# Native memory allocation (malloc) failed to allocate 68416 bytes for Chunk::new
# Possible reasons:
#   The system is out of physical RAM or swap space
#   In 32 bit mode, the process size limit was hit
# Possible solutions:
#   Reduce memory load on the system
#   Increase physical memory or swap space
#   Check if swap backing store is full
#   Use 64 bit Java on a 64 bit OS
#   Decrease Java heap size (-Xmx/-Xms)
#   Decrease number of Java threads
#   Decrease Java thread stack sizes (-Xss)
#   Set larger code cache with -XX:ReservedCodeCacheSize=
# This output file may be truncated or incomplete.
#
#  Out of Memory Error (allocation.cpp:390), pid=23096, tid=0x000000000000231c
#
# JRE version: Java(TM) SE Runtime Environment (8.0_161-b12) (build 1.8.0_161-b12)
# Java VM: Java HotSpot(TM) 64-Bit Server VM (25.161-b12 mixed mode windows-amd64 compressed oops)
# Failed to write core dump. Minidumps are not enabled by default on client versions of Windows
#

---------------  T H R E A D  ---------------

Current thread (0x0000000019f64800):  JavaThread "C2 CompilerThread1" daemon [_thread_in_native, id=8988, stack(0x000000001b6e0000,0x000000001b7e0000)]

Stack: [0x000000001b6e0000,0x000000001b7e0000]
[error occurred during error reporting (printing stack bounds), id 0xc0000005]

Native frames: (J=compiled Java code, j=interpreted, Vv=VM code, C=native code)


Current CompileTask:
C2:   7542 4110       4       java.net.URLClassLoader$1::run (5 bytes)


---------------  P R O C E S S  ---------------

Java Threads: ( => current thread )
  0x000000001e6d1800 JavaThread "HikariPool-1 connection adder" daemon [_thread_blocked, id=4708, stack(0x0000000023dc0000,0x0000000023ec0000)]
  0x000000001e6d4000 JavaThread "HikariPool-1 housekeeper" daemon [_thread_blocked, id=12444, stack(0x0000000022a40000,0x0000000022b40000)]
  0x000000001e6d5800 JavaThread "InterruptTimer" daemon [_thread_blocked, id=1496, stack(0x000000001f220000,0x000000001f320000)]
  0x000000001e6d3800 JavaThread "oracle.jdbc.driver.BlockSource.ThreadedCachingBlockSource.BlockReleaser" daemon [_thread_blocked, id=21216, stack(0x000000001e130000,0x000000001e230000)]
  0x000000001e6d2800 JavaThread "Timer-0" daemon [_thread_blocked, id=20560, stack(0x000000001d8b0000,0x000000001d9b0000)]
  0x000000001ba7d000 JavaThread "surefire-forkedjvm-ping-30s" daemon [_thread_blocked, id=8964, stack(0x000000001bfe0000,0x000000001c0e0000)]
  0x000000001ba5b800 JavaThread "surefire-forkedjvm-command-thread" daemon [_thread_in_native, id=23532, stack(0x000000001bee0000,0x000000001bfe0000)]
  0x000000001b918800 JavaThread "Service Thread" daemon [_thread_blocked, id=23052, stack(0x000000001bce0000,0x000000001bde0000)]
  0x0000000019f6c800 JavaThread "C1 CompilerThread2" daemon [_thread_blocked, id=18488, stack(0x000000001b7e0000,0x000000001b8e0000)]
=>0x0000000019f64800 JavaThread "C2 CompilerThread1" daemon [_thread_in_native, id=8988, stack(0x000000001b6e0000,0x000000001b7e0000)]
  0x0000000019f60000 JavaThread "C2 CompilerThread0" daemon [_thread_blocked, id=13468, stack(0x000000001b5e0000,0x000000001b6e0000)]
  0x0000000019f5c800 JavaThread "Attach Listener" daemon [_thread_blocked, id=17016, stack(0x000000001b4e0000,0x000000001b5e0000)]
  0x0000000019f5b000 JavaThread "Signal Dispatcher" daemon [_thread_blocked, id=21512, stack(0x000000001b3e0000,0x000000001b4e0000)]
  0x0000000002e7d000 JavaThread "Finalizer" daemon [_thread_blocked, id=7748, stack(0x000000001b1c0000,0x000000001b2c0000)]
  0x0000000002e72000 JavaThread "Reference Handler" daemon [_thread_blocked, id=23376, stack(0x000000001b0c0000,0x000000001b1c0000)]
  0x0000000002d82800 JavaThread "main" [_thread_in_vm, id=13728, stack(0x0000000002c80000,0x0000000002d80000)]

Other Threads:
  0x0000000019f27000 VMThread [stack: 0x000000001afc0000,0x000000001b0c0000] [id=17660]
  0x0000000019fbb800 WatcherThread [stack: 0x000000001bde0000,0x000000001bee0000] [id=19468]

VM state:not at safepoint (normal execution)

VM Mutex/Monitor currently owned by a thread: None

Heap:
 PSYoungGen      total 251904K, used 17236K [0x0000000780800000, 0x0000000791900000, 0x00000007c0000000)
  eden space 242688K, 7% used [0x0000000780800000,0x00000007818d50b8,0x000000078f500000)
  from space 9216K, 0% used [0x0000000791000000,0x0000000791000000,0x0000000791900000)
  to   space 12800K, 0% used [0x0000000790000000,0x0000000790000000,0x0000000790c80000)
 ParOldGen       total 70144K, used 26092K [0x0000000701800000, 0x0000000705c80000, 0x0000000780800000)
  object space 70144K, 37% used [0x0000000701800000,0x000000070317b2f8,0x0000000705c80000)
 Metaspace       used 49872K, capacity 52042K, committed 52352K, reserved 1093632K
  class space    used 6838K, capacity 7255K, committed 7296K, reserved 1048576K

Card table byte_map: [0x0000000012240000,0x0000000012840000] byte_map_base: 0x000000000ea34000

Marking Bits: (ParMarkBitMap*) 0x000000005bebf860
 Begin Bits: [0x0000000013040000, 0x0000000015fe0000)
 End Bits:   [0x0000000015fe0000, 0x0000000018f80000)

Polling page: 0x0000000002b00000

CodeCache: size=245760Kb used=13372Kb max_used=14047Kb free=232387Kb
 bounds [0x0000000002e80000, 0x0000000003c50000, 0x0000000011e80000]
 total_blobs=4461 nmethods=3911 adapters=462
 compilation: enabled

Compilation events (10 events):
Event: 7.513 Thread 0x0000000019f6c800 nmethod 4120 0x0000000002f9c210 code [0x0000000002f9c380, 0x0000000002f9c5f0]
Event: 7.513 Thread 0x0000000019f6c800 4121       3       org.hibernate.annotations.common.reflection.java.JavaAnnotationReader::<init> (10 bytes)
Event: 7.513 Thread 0x0000000019f6c800 nmethod 4121 0x00000000032bf750 code [0x00000000032bf8a0, 0x00000000032bfa70]
Event: 7.517 Thread 0x0000000019f6c800 4128       3       java.lang.Class$MethodArray::remove (39 bytes)
Event: 7.517 Thread 0x0000000019f6c800 nmethod 4128 0x0000000003031110 code [0x00000000030312a0, 0x0000000003031988]
Event: 7.517 Thread 0x0000000019f6c800 4129       3       java.lang.Class$MethodArray::addIfNotPresent (47 bytes)
Event: 7.518 Thread 0x0000000019f6c800 nmethod 4129 0x00000000030326d0 code [0x0000000003032860, 0x0000000003032c58]
Event: 7.518 Thread 0x0000000019f60000 nmethod 4123 0x0000000003056190 code [0x0000000003056340, 0x0000000003056948]
Event: 7.519 Thread 0x0000000019f60000 4127       4       java.lang.Class$MethodArray::removeByNameAndDescriptor (42 bytes)
Event: 7.525 Thread 0x0000000019f60000 nmethod 4127 0x0000000003180510 code [0x0000000003180680, 0x0000000003180a88]

GC Heap History (10 events):
Event: 4.045 GC heap before
{Heap before GC invocations=7 (full 1):
 PSYoungGen      total 106496K, used 105438K [0x0000000780800000, 0x000000078b880000, 0x00000007c0000000)
  eden space 98304K, 100% used [0x0000000780800000,0x0000000786800000,0x0000000786800000)
  from space 8192K, 87% used [0x0000000786800000,0x0000000786ef78b8,0x0000000787000000)
  to   space 8192K, 0% used [0x000000078b080000,0x000000078b080000,0x000000078b880000)
 ParOldGen       total 70144K, used 5743K [0x0000000701800000, 0x0000000705c80000, 0x0000000780800000)
  object space 70144K, 8% used [0x0000000701800000,0x0000000701d9bdb0,0x0000000705c80000)
 Metaspace       used 30358K, capacity 32250K, committed 32384K, reserved 1077248K
  class space    used 4064K, capacity 4445K, committed 4480K, reserved 1048576K
Event: 4.056 GC heap after
Heap after GC invocations=7 (full 1):
 PSYoungGen      total 167936K, used 8183K [0x0000000780800000, 0x000000078b880000, 0x00000007c0000000)
  eden space 159744K, 0% used [0x0000000780800000,0x0000000780800000,0x000000078a400000)
  from space 8192K, 99% used [0x000000078b080000,0x000000078b87dd58,0x000000078b880000)
  to   space 9728K, 0% used [0x000000078a580000,0x000000078a580000,0x000000078af00000)
 ParOldGen       total 70144K, used 6792K [0x0000000701800000, 0x0000000705c80000, 0x0000000780800000)
  object space 70144K, 9% used [0x0000000701800000,0x0000000701ea20e0,0x0000000705c80000)
 Metaspace       used 30358K, capacity 32250K, committed 32384K, reserved 1077248K
  class space    used 4064K, capacity 4445K, committed 4480K, reserved 1048576K
}
Event: 4.585 GC heap before
{Heap before GC invocations=8 (full 1):
 PSYoungGen      total 167936K, used 40139K [0x0000000780800000, 0x000000078b880000, 0x00000007c0000000)
  eden space 159744K, 20% used [0x0000000780800000,0x0000000782735150,0x000000078a400000)
  from space 8192K, 99% used [0x000000078b080000,0x000000078b87dd58,0x000000078b880000)
  to   space 9728K, 0% used [0x000000078a580000,0x000000078a580000,0x000000078af00000)
 ParOldGen       total 70144K, used 6792K [0x0000000701800000, 0x0000000705c80000, 0x0000000780800000)
  object space 70144K, 9% used [0x0000000701800000,0x0000000701ea20e0,0x0000000705c80000)
 Metaspace       used 33343K, capacity 35306K, committed 35416K, reserved 1079296K
  class space    used 4415K, capacity 4801K, committed 4864K, reserved 1048576K
Event: 4.602 GC heap after
Heap after GC invocations=8 (full 1):
 PSYoungGen      total 171008K, used 7528K [0x0000000780800000, 0x0000000791900000, 0x00000007c0000000)
  eden space 161280K, 0% used [0x0000000780800000,0x0000000780800000,0x000000078a580000)
  from space 9728K, 77% used [0x000000078a580000,0x000000078acda208,0x000000078af00000)
  to   space 9216K, 0% used [0x0000000791000000,0x0000000791000000,0x0000000791900000)
 ParOldGen       total 70144K, used 6800K [0x0000000701800000, 0x0000000705c80000, 0x0000000780800000)
  object space 70144K, 9% used [0x0000000701800000,0x0000000701ea40e0,0x0000000705c80000)
 Metaspace       used 33343K, capacity 35306K, committed 35416K, reserved 1079296K
  class space    used 4415K, capacity 4801K, committed 4864K, reserved 1048576K
}
Event: 4.602 GC heap before
{Heap before GC invocations=9 (full 2):
 PSYoungGen      total 171008K, used 7528K [0x0000000780800000, 0x0000000791900000, 0x00000007c0000000)
  eden space 161280K, 0% used [0x0000000780800000,0x0000000780800000,0x000000078a580000)
  from space 9728K, 77% used [0x000000078a580000,0x000000078acda208,0x000000078af00000)
  to   space 9216K, 0% used [0x0000000791000000,0x0000000791000000,0x0000000791900000)
 ParOldGen       total 70144K, used 6800K [0x0000000701800000, 0x0000000705c80000, 0x0000000780800000)
  object space 70144K, 9% used [0x0000000701800000,0x0000000701ea40e0,0x0000000705c80000)
 Metaspace       used 33343K, capacity 35306K, committed 35416K, reserved 1079296K
  class space    used 4415K, capacity 4801K, committed 4864K, reserved 1048576K
Event: 4.661 GC heap after
Heap after GC invocations=9 (full 2):
 PSYoungGen      total 171008K, used 0K [0x0000000780800000, 0x0000000791900000, 0x00000007c0000000)
  eden space 161280K, 0% used [0x0000000780800000,0x0000000780800000,0x000000078a580000)
  from space 9728K, 0% used [0x000000078a580000,0x000000078a580000,0x000000078af00000)
  to   space 9216K, 0% used [0x0000000791000000,0x0000000791000000,0x0000000791900000)
 ParOldGen       total 70144K, used 12400K [0x0000000701800000, 0x0000000705c80000, 0x0000000780800000)
  object space 70144K, 17% used [0x0000000701800000,0x000000070241c178,0x0000000705c80000)
 Metaspace       used 33343K, capacity 35306K, committed 35416K, reserved 1079296K
  class space    used 4415K, capacity 4801K, committed 4864K, reserved 1048576K
}
Event: 7.218 GC heap before
{Heap before GC invocations=10 (full 2):
 PSYoungGen      total 171008K, used 120460K [0x0000000780800000, 0x0000000791900000, 0x00000007c0000000)
  eden space 161280K, 74% used [0x0000000780800000,0x0000000787da3170,0x000000078a580000)
  from space 9728K, 0% used [0x000000078a580000,0x000000078a580000,0x000000078af00000)
  to   space 9216K, 0% used [0x0000000791000000,0x0000000791000000,0x0000000791900000)
 ParOldGen       total 70144K, used 12400K [0x0000000701800000, 0x0000000705c80000, 0x0000000780800000)
  object space 70144K, 17% used [0x0000000701800000,0x000000070241c178,0x0000000705c80000)
 Metaspace       used 48484K, capacity 50532K, committed 50816K, reserved 1093632K
  class space    used 6633K, capacity 7030K, committed 7040K, reserved 1048576K
Event: 7.234 GC heap after
Heap after GC invocations=10 (full 2):
 PSYoungGen      total 251904K, used 9211K [0x0000000780800000, 0x0000000791900000, 0x00000007c0000000)
  eden space 242688K, 0% used [0x0000000780800000,0x0000000780800000,0x000000078f500000)
  from space 9216K, 99% used [0x0000000791000000,0x00000007918fef78,0x0000000791900000)
  to   space 12800K, 0% used [0x0000000790000000,0x0000000790000000,0x0000000790c80000)
 ParOldGen       total 70144K, used 19109K [0x0000000701800000, 0x0000000705c80000, 0x0000000780800000)
  object space 70144K, 27% used [0x0000000701800000,0x0000000702aa9578,0x0000000705c80000)
 Metaspace       used 48484K, capacity 50532K, committed 50816K, reserved 1093632K
  class space    used 6633K, capacity 7030K, committed 7040K, reserved 1048576K
}
Event: 7.234 GC heap before
{Heap before GC invocations=11 (full 3):
 PSYoungGen      total 251904K, used 9211K [0x0000000780800000, 0x0000000791900000, 0x00000007c0000000)
  eden space 242688K, 0% used [0x0000000780800000,0x0000000780800000,0x000000078f500000)
  from space 9216K, 99% used [0x0000000791000000,0x00000007918fef78,0x0000000791900000)
  to   space 12800K, 0% used [0x0000000790000000,0x0000000790000000,0x0000000790c80000)
 ParOldGen       total 70144K, used 19109K [0x0000000701800000, 0x0000000705c80000, 0x0000000780800000)
  object space 70144K, 27% used [0x0000000701800000,0x0000000702aa9578,0x0000000705c80000)
 Metaspace       used 48484K, capacity 50532K, committed 50816K, reserved 1093632K
  class space    used 6633K, capacity 7030K, committed 7040K, reserved 1048576K
Event: 7.411 GC heap after
Heap after GC invocations=11 (full 3):
 PSYoungGen      total 251904K, used 0K [0x0000000780800000, 0x0000000791900000, 0x00000007c0000000)
  eden space 242688K, 0% used [0x0000000780800000,0x0000000780800000,0x000000078f500000)
  from space 9216K, 0% used [0x0000000791000000,0x0000000791000000,0x0000000791900000)
  to   space 12800K, 0% used [0x0000000790000000,0x0000000790000000,0x0000000790c80000)
 ParOldGen       total 70144K, used 26092K [0x0000000701800000, 0x0000000705c80000, 0x0000000780800000)
  object space 70144K, 37% used [0x0000000701800000,0x000000070317b2f8,0x0000000705c80000)
 Metaspace       used 48484K, capacity 50532K, committed 50816K, reserved 1093632K
  class space    used 6633K, capacity 7030K, committed 7040K, reserved 1048576K
}

Deoptimization events (10 events):
Event: 6.814 Thread 0x0000000002d82800 Uncommon trap: reason=class_check action=maybe_recompile pc=0x0000000003b37ff0 method=java.util.regex.Matcher.search(I)Z @ 86
Event: 6.814 Thread 0x0000000002d82800 Uncommon trap: reason=class_check action=maybe_recompile pc=0x0000000003b37ff0 method=java.util.regex.Matcher.search(I)Z @ 86
Event: 6.885 Thread 0x0000000002d82800 Uncommon trap: reason=bimorphic action=maybe_recompile pc=0x0000000003ae3660 method=java.util.Hashtable.get(Ljava/lang/Object;)Ljava/lang/Object; @ 6
Event: 6.892 Thread 0x0000000002d82800 Uncommon trap: reason=bimorphic action=maybe_recompile pc=0x0000000003ae3660 method=java.util.Hashtable.get(Ljava/lang/Object;)Ljava/lang/Object; @ 6
Event: 6.899 Thread 0x0000000002d82800 Uncommon trap: reason=unstable_if action=reinterpret pc=0x00000000038a8988 method=java.lang.String.valueOf(Ljava/lang/Object;)Ljava/lang/String; @ 1
Event: 7.411 Thread 0x0000000002e72000 Uncommon trap: reason=unstable_if action=reinterpret pc=0x00000000035090a8 method=java.lang.ref.Reference.tryHandlePending(Z)Z @ 20
Event: 7.412 Thread 0x000000001ba7d000 Uncommon trap: reason=unstable_if action=reinterpret pc=0x0000000003aab0d4 method=java.lang.Character.isHighSurrogate(C)Z @ 3
Event: 7.412 Thread 0x000000001ba7d000 Uncommon trap: reason=unstable_if action=reinterpret pc=0x0000000003ab31f4 method=java.lang.Character.isHighSurrogate(C)Z @ 3
Event: 7.476 Thread 0x0000000002d82800 Uncommon trap: reason=null_check action=make_not_entrant pc=0x0000000003c2a344 method=java.lang.reflect.Array.newInstance(Ljava/lang/Class;I)Ljava/lang/Object; @ 2
Event: 7.517 Thread 0x0000000002d82800 Uncommon trap: reason=unstable_if action=reinterpret pc=0x0000000002f83898 method=java.lang.Class$MethodArray.addIfNotPresent(Ljava/lang/reflect/Method;)V @ 19

Classes redefined (0 events):
No events

Internal exceptions (10 events):
Event: 5.877 Thread 0x0000000002d82800 Exception <a 'java/lang/ClassNotFoundException': org/springframework/beans/factory/BeanClassLoaderAwareCustomizer> (0x00000007828cb7d8) thrown at [C:\re\workspace\8-2-build-windows-amd64-cygwin\jdk8u161\10277\hotspot\src\share\vm\classfile\systemDictionar
Event: 5.877 Thread 0x0000000002d82800 Exception <a 'java/lang/ClassNotFoundException': org/springframework/beans/factory/AwareCustomizer> (0x00000007828ec1e0) thrown at [C:\re\workspace\8-2-build-windows-amd64-cygwin\jdk8u161\10277\hotspot\src\share\vm\classfile\systemDictionary.cpp, line 210
Event: 5.878 Thread 0x0000000002d82800 Exception <a 'java/lang/ClassNotFoundException': org/springframework/beans/factory/BeanFactoryAwareCustomizer> (0x0000000782910818) thrown at [C:\re\workspace\8-2-build-windows-amd64-cygwin\jdk8u161\10277\hotspot\src\share\vm\classfile\systemDictionary.cp
Event: 5.879 Thread 0x0000000002d82800 Exception <a 'java/lang/ClassNotFoundException': org/springframework/beans/factory/AwareCustomizer> (0x0000000782931780) thrown at [C:\re\workspace\8-2-build-windows-amd64-cygwin\jdk8u161\10277\hotspot\src\share\vm\classfile\systemDictionary.cpp, line 210
Event: 5.879 Thread 0x0000000002d82800 Exception <a 'java/lang/ClassNotFoundException': org/springframework/beans/factory/BeanNameAwareCustomizer> (0x0000000782954460) thrown at [C:\re\workspace\8-2-build-windows-amd64-cygwin\jdk8u161\10277\hotspot\src\share\vm\classfile\systemDictionary.cpp, 
Event: 5.880 Thread 0x0000000002d82800 Exception <a 'java/lang/ClassNotFoundException': org/springframework/beans/factory/AwareCustomizer> (0x0000000782974d98) thrown at [C:\re\workspace\8-2-build-windows-amd64-cygwin\jdk8u161\10277\hotspot\src\share\vm\classfile\systemDictionary.cpp, line 210
Event: 5.881 Thread 0x0000000002d82800 Exception <a 'java/lang/ClassNotFoundException': org/springframework/beans/factory/InitializingBeanCustomizer> (0x00000007829993c8) thrown at [C:\re\workspace\8-2-build-windows-amd64-cygwin\jdk8u161\10277\hotspot\src\share\vm\classfile\systemDictionary.cp
Event: 5.881 Thread 0x0000000002d82800 Exception <a 'java/lang/ClassNotFoundException': org/springframework/beans/factory/DisposableBeanCustomizer> (0x00000007829bca50) thrown at [C:\re\workspace\8-2-build-windows-amd64-cygwin\jdk8u161\10277\hotspot\src\share\vm\classfile\systemDictionary.cpp,
Event: 5.882 Thread 0x0000000002d82800 Exception <a 'java/lang/ClassNotFoundException': org/springframework/orm/jpa/EntityManagerFactoryInfoCustomizer> (0x00000007829e2588) thrown at [C:\re\workspace\8-2-build-windows-amd64-cygwin\jdk8u161\10277\hotspot\src\share\vm\classfile\systemDictionary.
Event: 5.883 Thread 0x0000000002d82800 Exception <a 'java/lang/ClassNotFoundException': org/springframework/dao/support/PersistenceExceptionTranslatorCustomizer> (0x0000000782a18748) thrown at [C:\re\workspace\8-2-build-windows-amd64-cygwin\jdk8u161\10277\hotspot\src\share\vm\classfile\systemD

Events (10 events):
Event: 7.538 loading class org/hibernate/query/ParameterMetadata
Event: 7.538 loading class org/hibernate/query/ParameterMetadata done
Event: 7.538 loading class org/hibernate/engine/query/spi/sql/NativeSQLQuerySpecification
Event: 7.538 loading class org/hibernate/engine/query/spi/sql/NativeSQLQuerySpecification done
Event: 7.538 loading class org/hibernate/engine/query/spi/NativeSQLQueryPlan
Event: 7.538 loading class org/hibernate/engine/query/spi/NativeSQLQueryPlan done
Event: 7.539 loading class org/hibernate/loader/custom/CustomLoader
Event: 7.539 loading class org/hibernate/loader/custom/CustomLoader done
Event: 7.539 loading class org/hibernate/loader/Loader
Event: 7.539 loading class org/hibernate/loader/Loader done


Dynamic libraries:
0x00007ff62d800000 - 0x00007ff62d837000 	C:\Program Files\Java\jdk1.8.0_161\jre\bin\java.exe
0x00007ffd9d160000 - 0x00007ffd9d350000 	C:\WINDOWS\SYSTEM32\ntdll.dll
0x00007ffd9b920000 - 0x00007ffd9b9d2000 	C:\WINDOWS\System32\KERNEL32.DLL
0x00007ffd9a8d0000 - 0x00007ffd9ab73000 	C:\WINDOWS\System32\KERNELBASE.dll
0x00007ffd9b860000 - 0x00007ffd9b903000 	C:\WINDOWS\System32\ADVAPI32.dll
0x00007ffd9c9a0000 - 0x00007ffd9ca3e000 	C:\WINDOWS\System32\msvcrt.dll
0x00007ffd9c130000 - 0x00007ffd9c1c7000 	C:\WINDOWS\System32\sechost.dll
0x00007ffd9cf50000 - 0x00007ffd9d070000 	C:\WINDOWS\System32\RPCRT4.dll
0x00007ffd9be50000 - 0x00007ffd9bfe4000 	C:\WINDOWS\System32\USER32.dll
0x00007ffd9adf0000 - 0x00007ffd9ae11000 	C:\WINDOWS\System32\win32u.dll
0x00007ffd9b490000 - 0x00007ffd9b4b6000 	C:\WINDOWS\System32\GDI32.dll
0x00007ffd9ae20000 - 0x00007ffd9afb4000 	C:\WINDOWS\System32\gdi32full.dll
0x00007ffd9afc0000 - 0x00007ffd9b05e000 	C:\WINDOWS\System32\msvcp_win.dll
0x00007ffd9b060000 - 0x00007ffd9b15a000 	C:\WINDOWS\System32\ucrtbase.dll
0x00007ffd8b5a0000 - 0x00007ffd8b825000 	C:\WINDOWS\WinSxS\amd64_microsoft.windows.common-controls_6595b64144ccf1df_6.0.18362.476_none_e6c4b11b130f2595\COMCTL32.dll
0x00007ffd9cbf0000 - 0x00007ffd9cf26000 	C:\WINDOWS\System32\combase.dll
0x00007ffd9ab80000 - 0x00007ffd9ac00000 	C:\WINDOWS\System32\bcryptPrimitives.dll
0x00007ffd9b5f0000 - 0x00007ffd9b61e000 	C:\WINDOWS\System32\IMM32.DLL
0x000000005d1f0000 - 0x000000005d2c2000 	C:\Program Files\Java\jdk1.8.0_161\jre\bin\msvcr100.dll
0x000000005b6a0000 - 0x000000005bf3f000 	C:\Program Files\Java\jdk1.8.0_161\jre\bin\server\jvm.dll
0x00007ffd9cf30000 - 0x00007ffd9cf38000 	C:\WINDOWS\System32\PSAPI.DLL
0x00007ffd93bf0000 - 0x00007ffd93bfa000 	C:\WINDOWS\SYSTEM32\VERSION.dll
0x00007ffd96e50000 - 0x00007ffd96e74000 	C:\WINDOWS\SYSTEM32\WINMM.dll
0x00007ffd81c20000 - 0x00007ffd81c29000 	C:\WINDOWS\SYSTEM32\WSOCK32.dll
0x00007ffd9b7f0000 - 0x00007ffd9b85f000 	C:\WINDOWS\System32\WS2_32.dll
0x00007ffd96580000 - 0x00007ffd965ad000 	C:\WINDOWS\SYSTEM32\winmmbase.dll
0x00007ffd9ada0000 - 0x00007ffd9adea000 	C:\WINDOWS\System32\cfgmgr32.dll
0x000000005d1e0000 - 0x000000005d1ef000 	C:\Program Files\Java\jdk1.8.0_161\jre\bin\verify.dll
0x000000005d0e0000 - 0x000000005d109000 	C:\Program Files\Java\jdk1.8.0_161\jre\bin\java.dll
0x000000005d0c0000 - 0x000000005d0d6000 	C:\Program Files\Java\jdk1.8.0_161\jre\bin\zip.dll
0x00007ffd9c2b0000 - 0x00007ffd9c995000 	C:\WINDOWS\System32\SHELL32.dll
0x00007ffd9d070000 - 0x00007ffd9d119000 	C:\WINDOWS\System32\shcore.dll
0x00007ffd9a150000 - 0x00007ffd9a8ce000 	C:\WINDOWS\System32\windows.storage.dll
0x00007ffd9a0d0000 - 0x00007ffd9a0ef000 	C:\WINDOWS\System32\profapi.dll
0x00007ffd9a080000 - 0x00007ffd9a0ca000 	C:\WINDOWS\System32\powrprof.dll
0x00007ffd9a030000 - 0x00007ffd9a040000 	C:\WINDOWS\System32\UMPDC.dll
0x00007ffd9c1d0000 - 0x00007ffd9c222000 	C:\WINDOWS\System32\shlwapi.dll
0x00007ffd9a040000 - 0x00007ffd9a051000 	C:\WINDOWS\System32\kernel.appcore.dll
0x00007ffd9ad50000 - 0x00007ffd9ad67000 	C:\WINDOWS\System32\cryptsp.dll
0x000000005d070000 - 0x000000005d07d000 	C:\Program Files\Java\jdk1.8.0_161\jre\bin\management.dll
0x000000005d0a0000 - 0x000000005d0ba000 	C:\Program Files\Java\jdk1.8.0_161\jre\bin\net.dll
0x00007ffd998a0000 - 0x00007ffd99907000 	C:\WINDOWS\system32\mswsock.dll
0x000000005d080000 - 0x000000005d091000 	C:\Program Files\Java\jdk1.8.0_161\jre\bin\nio.dll
0x00007ffd82eb0000 - 0x00007ffd82ec6000 	C:\WINDOWS\system32\napinsp.dll
0x00007ffd82d40000 - 0x00007ffd82d5a000 	C:\WINDOWS\system32\pnrpnsp.dll
0x00007ffd99590000 - 0x00007ffd9965a000 	C:\WINDOWS\SYSTEM32\DNSAPI.dll
0x00007ffd9cf40000 - 0x00007ffd9cf48000 	C:\WINDOWS\System32\NSI.dll
0x00007ffd99550000 - 0x00007ffd9958a000 	C:\WINDOWS\SYSTEM32\IPHLPAPI.DLL
0x00007ffd82d10000 - 0x00007ffd82d1e000 	C:\WINDOWS\System32\winrnr.dll
0x00007ffd973d0000 - 0x00007ffd973ec000 	C:\WINDOWS\system32\NLAapi.dll
0x00007ffd976f0000 - 0x00007ffd97705000 	C:\WINDOWS\system32\wshbth.dll
0x00007ffd91d30000 - 0x00007ffd91d3a000 	C:\Windows\System32\rasadhlp.dll
0x00007ffd93780000 - 0x00007ffd937f7000 	C:\WINDOWS\System32\fwpuclnt.dll
0x00007ffd9ad70000 - 0x00007ffd9ad96000 	C:\WINDOWS\System32\bcrypt.dll
0x00007ffd93a80000 - 0x00007ffd93a96000 	C:\WINDOWS\SYSTEM32\dhcpcsvc6.DLL
0x00007ffd93a60000 - 0x00007ffd93a7c000 	C:\WINDOWS\SYSTEM32\dhcpcsvc.DLL
0x00007ffd993b0000 - 0x00007ffd993e3000 	C:\WINDOWS\system32\rsaenh.dll
0x00007ffd99f20000 - 0x00007ffd99f45000 	C:\WINDOWS\SYSTEM32\USERENV.dll
0x00007ffd99a70000 - 0x00007ffd99a7c000 	C:\WINDOWS\SYSTEM32\CRYPTBASE.dll
0x000000005d040000 - 0x000000005d064000 	C:\Program Files\Java\jdk1.8.0_161\jre\bin\sunec.dll

VM Arguments:
java_command: C:\Users\JMATOS\AppData\Local\Temp\surefire4616217600286641887\surefirebooter6433397401527644093.jar C:\Users\JMATOS\AppData\Local\Temp\surefire4616217600286641887 2019-12-05T17-51-55_169-jvmRun1 surefire6226017551226382880tmp surefire_05163677938813131150tmp
java_class_path (initial): C:\Users\JMATOS\AppData\Local\Temp\surefire4616217600286641887\surefirebooter6433397401527644093.jar
Launcher Type: SUN_STANDARD

Environment Variables:
JAVA_HOME=C:\Program Files\Java\jdk1.6.0_45
CLASSPATH=%JAVA_HOME%\src.zip
PATH=C:\Python27\;C:\Python27\Scripts;C:\Windows\system32;C:\Windows;C:\Windows\System32\Wbem;C:\Windows\System32\WindowsPowerShell\v1.0\;C:\Program Files (x86)\NVIDIA Corporation\PhysX\Common;C:\Program Files\Cloud Foundry;C:\Program Files\Git\cmd;C:\Program Files\Git\mingw64\bin;C:\Program Files\Git\usr\bin;C:\Program Files\Java\jdk1.6.0_45\bin;C:\sw\apache-maven-3.5.0\bin;C:\WINDOWS\system32;C:\WINDOWS;C:\WINDOWS\System32\Wbem;C:\WINDOWS\System32\WindowsPowerShell\v1.0\;C:\WINDOWS\System32\OpenSSH\;C:\Program Files\SourceGear\Common\DiffMerge\;C:\Program Files\PuTTY\;C:\oraclexe\app\oracle\product\11.2.0\server\bin;C:\Program Files\RabbitMQ Server\rabbitmq_server-3.8.1\sbin;C:\Program Files\nodejs\;C:\ProgramData\chocolatey\bin;C:\Users\JMATOS\AppData\Local\Microsoft\WindowsApps;C:\Program Files\Microsoft VS Code\bin;C:\Users\JMATOS\AppData\Local\Programs\Microsoft VS Code\bin;C:\Users\JMATOS\AppData\Roaming\npm
USERNAME=JMATOS
OS=Windows_NT
PROCESSOR_IDENTIFIER=Intel64 Family 6 Model 142 Stepping 9, GenuineIntel



---------------  S Y S T E M  ---------------

OS: Windows 10.0 , 64 bit Build 18362 (10.0.18362.329)

CPU:total 4 (initial active 4) (2 cores per cpu, 2 threads per core) family 6 model 142 stepping 9, cmov, cx8, fxsr, mmx, sse, sse2, sse3, ssse3, sse4.1, sse4.2, popcnt, avx, avx2, aes, clmul, erms, 3dnowpref, lzcnt, ht, tsc, tscinvbit, bmi1, bmi2, adx

Memory: 4k page, physical 12480740k(1901284k free), swap 12480740k(5300k free)

vm_info: Java HotSpot(TM) 64-Bit Server VM (25.161-b12) for windows-amd64 JRE (1.8.0_161-b12), built on Dec 19 2017 17:52:25 by "java_re" with MS VC++ 10.0 (VS2010)

time: Thu Dec 05 17:52:03 2019
elapsed time: 7 seconds (0d 0h 0m 7s)

