#
# There is insufficient memory for the Java Runtime Environment to continue.
# Native memory allocation (malloc) failed to allocate 1084336 bytes for Chunk::new
# Possible reasons:
#   The system is out of physical RAM or swap space
#   In 32 bit mode, the process size limit was hit
# Possible solutions:
#   Reduce memory load on the system
#   Increase physical memory or swap space
#   Check if swap backing store is full
#   Use 64 bit Java on a 64 bit OS
#   Decrease Java heap size (-Xmx/-Xms)
#   Decrease number of Java threads
#   Decrease Java thread stack sizes (-Xss)
#   Set larger code cache with -XX:ReservedCodeCacheSize=
# This output file may be truncated or incomplete.
#
#  Out of Memory Error (allocation.cpp:390), pid=10512, tid=0x00000000000048cc
#
# JRE version: Java(TM) SE Runtime Environment (8.0_161-b12) (build 1.8.0_161-b12)
# Java VM: Java HotSpot(TM) 64-Bit Server VM (25.161-b12 mixed mode windows-amd64 compressed oops)
# Failed to write core dump. Minidumps are not enabled by default on client versions of Windows
#

---------------  T H R E A D  ---------------

Current thread (0x000000001a148800):  JavaThread "C2 CompilerThread1" daemon [_thread_in_native, id=18636, stack(0x000000001b8b0000,0x000000001b9b0000)]

Stack: [0x000000001b8b0000,0x000000001b9b0000]
[error occurred during error reporting (printing stack bounds), id 0xc0000005]

Native frames: (J=compiled Java code, j=interpreted, Vv=VM code, C=native code)


Current CompileTask:
C2:   2598 2008   !   4       org.codehaus.plexus.interpolation.StringSearchInterpolator::interpolate (650 bytes)


---------------  P R O C E S S  ---------------

Java Threads: ( => current thread )
  0x000000001a19d800 JavaThread "Service Thread" daemon [_thread_blocked, id=9008, stack(0x000000001beb0000,0x000000001bfb0000)]
  0x000000001a16c000 JavaThread "C1 CompilerThread2" daemon [_thread_in_native, id=22000, stack(0x000000001b9b0000,0x000000001bab0000)]
=>0x000000001a148800 JavaThread "C2 CompilerThread1" daemon [_thread_in_native, id=18636, stack(0x000000001b8b0000,0x000000001b9b0000)]
  0x000000001a13f800 JavaThread "C2 CompilerThread0" daemon [_thread_in_native, id=15600, stack(0x000000001b7b0000,0x000000001b8b0000)]
  0x000000001a13b800 JavaThread "Attach Listener" daemon [_thread_blocked, id=5560, stack(0x000000001b6b0000,0x000000001b7b0000)]
  0x000000001a13a000 JavaThread "Signal Dispatcher" daemon [_thread_blocked, id=5868, stack(0x000000001b5b0000,0x000000001b6b0000)]
  0x000000000309d000 JavaThread "Finalizer" daemon [_thread_blocked, id=17340, stack(0x000000001b390000,0x000000001b490000)]
  0x0000000003092000 JavaThread "Reference Handler" daemon [_thread_blocked, id=14088, stack(0x000000001b290000,0x000000001b390000)]
  0x0000000002fa2800 JavaThread "main" [_thread_in_Java, id=16544, stack(0x0000000002ea0000,0x0000000002fa0000)]

Other Threads:
  0x000000001a107800 VMThread [stack: 0x000000001b190000,0x000000001b290000] [id=18144]
  0x000000001a19e800 WatcherThread [stack: 0x000000001bfb0000,0x000000001c0b0000] [id=15616]

VM state:not at safepoint (normal execution)

VM Mutex/Monitor currently owned by a thread: None

Heap:
 PSYoungGen      total 57344K, used 47883K [0x0000000780800000, 0x0000000784800000, 0x00000007c0000000)
  eden space 49152K, 80% used [0x0000000780800000,0x0000000782ec56a8,0x0000000783800000)
  from space 8192K, 99% used [0x0000000784000000,0x00000007847fd830,0x0000000784800000)
  to   space 8192K, 0% used [0x0000000783800000,0x0000000783800000,0x0000000784000000)
 ParOldGen       total 131072K, used 2635K [0x0000000701800000, 0x0000000709800000, 0x0000000780800000)
  object space 131072K, 2% used [0x0000000701800000,0x0000000701a92f48,0x0000000709800000)
 Metaspace       used 15436K, capacity 15674K, committed 15872K, reserved 1062912K
  class space    used 1863K, capacity 1945K, committed 2048K, reserved 1048576K

Card table byte_map: [0x0000000012460000,0x0000000012a60000] byte_map_base: 0x000000000ec54000

Marking Bits: (ParMarkBitMap*) 0x000000005b81f860
 Begin Bits: [0x0000000013260000, 0x0000000016200000)
 End Bits:   [0x0000000016200000, 0x00000000191a0000)

Polling page: 0x0000000002cd0000

CodeCache: size=245760Kb used=7729Kb max_used=7729Kb free=238030Kb
 bounds [0x00000000030a0000, 0x0000000003840000, 0x00000000120a0000]
 total_blobs=2633 nmethods=2269 adapters=276
 compilation: enabled

Compilation events (10 events):
Event: 2.594 Thread 0x000000001a16c000 nmethod 2271 0x000000000382ec50 code [0x000000000382eda0, 0x000000000382eeb0]
Event: 2.594 Thread 0x000000001a16c000 2275       2       java.lang.Boolean::toString (12 bytes)
Event: 2.594 Thread 0x000000001a16c000 nmethod 2275 0x000000000382ef10 code [0x000000000382f060, 0x000000000382f1b0]
Event: 2.594 Thread 0x000000001a16c000 2272       1       org.eclipse.aether.artifact.DefaultArtifactType::getProperties (5 bytes)
Event: 2.594 Thread 0x000000001a16c000 nmethod 2272 0x000000000382f210 code [0x000000000382f360, 0x000000000382f470]
Event: 2.594 Thread 0x000000001a16c000 2273       1       org.eclipse.aether.artifact.DefaultArtifactType::getExtension (5 bytes)
Event: 2.594 Thread 0x000000001a16c000 nmethod 2273 0x000000000382f4d0 code [0x000000000382f620, 0x000000000382f730]
Event: 2.594 Thread 0x000000001a16c000 2277       2       java.util.Collections$UnmodifiableSet::<init> (6 bytes)
Event: 2.595 Thread 0x000000001a16c000 nmethod 2277 0x000000000382f790 code [0x000000000382f900, 0x000000000382fb08]
Event: 2.595 Thread 0x000000001a16c000 2278       2       org.eclipse.aether.artifact.DefaultArtifactType::<init> (140 bytes)

GC Heap History (4 events):
Event: 1.378 GC heap before
{Heap before GC invocations=1 (full 0):
 PSYoungGen      total 57344K, used 49152K [0x0000000780800000, 0x0000000784800000, 0x00000007c0000000)
  eden space 49152K, 100% used [0x0000000780800000,0x0000000783800000,0x0000000783800000)
  from space 8192K, 0% used [0x0000000784000000,0x0000000784000000,0x0000000784800000)
  to   space 8192K, 0% used [0x0000000783800000,0x0000000783800000,0x0000000784000000)
 ParOldGen       total 131072K, used 0K [0x0000000701800000, 0x0000000709800000, 0x0000000780800000)
  object space 131072K, 0% used [0x0000000701800000,0x0000000701800000,0x0000000709800000)
 Metaspace       used 10063K, capacity 10272K, committed 10368K, reserved 1058816K
  class space    used 1230K, capacity 1313K, committed 1408K, reserved 1048576K
Event: 1.385 GC heap after
Heap after GC invocations=1 (full 0):
 PSYoungGen      total 57344K, used 7359K [0x0000000780800000, 0x0000000784800000, 0x00000007c0000000)
  eden space 49152K, 0% used [0x0000000780800000,0x0000000780800000,0x0000000783800000)
  from space 8192K, 89% used [0x0000000783800000,0x0000000783f2fe30,0x0000000784000000)
  to   space 8192K, 0% used [0x0000000784000000,0x0000000784000000,0x0000000784800000)
 ParOldGen       total 131072K, used 16K [0x0000000701800000, 0x0000000709800000, 0x0000000780800000)
  object space 131072K, 0% used [0x0000000701800000,0x0000000701804000,0x0000000709800000)
 Metaspace       used 10063K, capacity 10272K, committed 10368K, reserved 1058816K
  class space    used 1230K, capacity 1313K, committed 1408K, reserved 1048576K
}
Event: 2.221 GC heap before
{Heap before GC invocations=2 (full 0):
 PSYoungGen      total 57344K, used 56511K [0x0000000780800000, 0x0000000784800000, 0x00000007c0000000)
  eden space 49152K, 100% used [0x0000000780800000,0x0000000783800000,0x0000000783800000)
  from space 8192K, 89% used [0x0000000783800000,0x0000000783f2fe30,0x0000000784000000)
  to   space 8192K, 0% used [0x0000000784000000,0x0000000784000000,0x0000000784800000)
 ParOldGen       total 131072K, used 16K [0x0000000701800000, 0x0000000709800000, 0x0000000780800000)
  object space 131072K, 0% used [0x0000000701800000,0x0000000701804000,0x0000000709800000)
 Metaspace       used 15047K, capacity 15284K, committed 15616K, reserved 1062912K
  class space    used 1846K, capacity 1944K, committed 2048K, reserved 1048576K
Event: 2.234 GC heap after
Heap after GC invocations=2 (full 0):
 PSYoungGen      total 57344K, used 8182K [0x0000000780800000, 0x0000000784800000, 0x00000007c0000000)
  eden space 49152K, 0% used [0x0000000780800000,0x0000000780800000,0x0000000783800000)
  from space 8192K, 99% used [0x0000000784000000,0x00000007847fd830,0x0000000784800000)
  to   space 8192K, 0% used [0x0000000783800000,0x0000000783800000,0x0000000784000000)
 ParOldGen       total 131072K, used 2635K [0x0000000701800000, 0x0000000709800000, 0x0000000780800000)
  object space 131072K, 2% used [0x0000000701800000,0x0000000701a92f48,0x0000000709800000)
 Metaspace       used 15047K, capacity 15284K, committed 15616K, reserved 1062912K
  class space    used 1846K, capacity 1944K, committed 2048K, reserved 1048576K
}

Deoptimization events (10 events):
Event: 2.064 Thread 0x0000000002fa2800 Uncommon trap: reason=class_check action=maybe_recompile pc=0x00000000036282e8 method=java.lang.reflect.Field.get(Ljava/lang/Object;)Ljava/lang/Object; @ 45
Event: 2.064 Thread 0x0000000002fa2800 Uncommon trap: reason=class_check action=maybe_recompile pc=0x00000000036282e8 method=java.lang.reflect.Field.get(Ljava/lang/Object;)Ljava/lang/Object; @ 45
Event: 2.072 Thread 0x0000000002fa2800 Uncommon trap: reason=unstable_if action=reinterpret pc=0x000000000361c974 method=java.lang.reflect.AccessibleObject.setAccessible0(Ljava/lang/reflect/AccessibleObject;Z)V @ 4
Event: 2.077 Thread 0x0000000002fa2800 Uncommon trap: reason=unstable_if action=reinterpret pc=0x00000000032347dc method=java.lang.String.startsWith(Ljava/lang/String;I)Z @ 25
Event: 2.085 Thread 0x0000000002fa2800 Uncommon trap: reason=unstable_if action=reinterpret pc=0x0000000003386220 method=org.codehaus.plexus.util.xml.pull.MXParser.nextImpl()I @ 879
Event: 2.112 Thread 0x0000000002fa2800 Uncommon trap: reason=unstable_if action=reinterpret pc=0x00000000035f9378 method=java.lang.String.trim()Ljava/lang/String; @ 63
Event: 2.117 Thread 0x0000000002fa2800 Uncommon trap: reason=unstable_if action=reinterpret pc=0x00000000033006c4 method=sun.nio.cs.UTF_8$Decoder.decode([BII[C)I @ 30
Event: 2.118 Thread 0x0000000002fa2800 Uncommon trap: reason=unstable_if action=reinterpret pc=0x000000000335fdc4 method=sun.nio.cs.UTF_8$Decoder.decodeArrayLoop(Ljava/nio/ByteBuffer;Ljava/nio/CharBuffer;)Ljava/nio/charset/CoderResult; @ 84
Event: 2.127 Thread 0x0000000002fa2800 Uncommon trap: reason=null_check action=make_not_entrant pc=0x000000000366ce28 method=org.apache.maven.model.io.xpp3.MavenXpp3ReaderEx.checkFieldWithDuplicate(Lorg/codehaus/plexus/util/xml/pull/XmlPullParser;Ljava/lang/String;Ljava/lang/String;Ljava/util/
Event: 2.185 Thread 0x0000000002fa2800 Uncommon trap: reason=unstable_if action=reinterpret pc=0x00000000034255c8 method=java.lang.String.regionMatches(ZILjava/lang/String;II)Z @ 25

Classes redefined (0 events):
No events

Internal exceptions (10 events):
Event: 1.777 Thread 0x0000000002fa2800 Exception <a 'java/lang/NoClassDefFoundError': javax/annotation/Priority> (0x0000000782139160) thrown at [C:\re\workspace\8-2-build-windows-amd64-cygwin\jdk8u161\10277\hotspot\src\share\vm\classfile\systemDictionary.cpp, line 199]
Event: 1.943 Thread 0x0000000002fa2800 Exception <a 'java/lang/NullPointerException'> (0x00000007826e8420) thrown at [C:\re\workspace\8-2-build-windows-amd64-cygwin\jdk8u161\10277\hotspot\src\share\vm\interpreter\linkResolver.cpp, line 1185]
Event: 1.943 Thread 0x0000000002fa2800 Exception <a 'java/lang/NullPointerException'> (0x00000007826e8638) thrown at [C:\re\workspace\8-2-build-windows-amd64-cygwin\jdk8u161\10277\hotspot\src\share\vm\interpreter\linkResolver.cpp, line 1185]
Event: 1.943 Thread 0x0000000002fa2800 Exception <a 'java/lang/NullPointerException'> (0x00000007826e8850) thrown at [C:\re\workspace\8-2-build-windows-amd64-cygwin\jdk8u161\10277\hotspot\src\share\vm\interpreter\linkResolver.cpp, line 1185]
Event: 1.944 Thread 0x0000000002fa2800 Exception <a 'java/lang/NullPointerException'> (0x00000007826ffa40) thrown at [C:\re\workspace\8-2-build-windows-amd64-cygwin\jdk8u161\10277\hotspot\src\share\vm\interpreter\linkResolver.cpp, line 1185]
Event: 1.944 Thread 0x0000000002fa2800 Exception <a 'java/lang/NullPointerException'> (0x00000007826ffc58) thrown at [C:\re\workspace\8-2-build-windows-amd64-cygwin\jdk8u161\10277\hotspot\src\share\vm\interpreter\linkResolver.cpp, line 1185]
Event: 1.944 Thread 0x0000000002fa2800 Exception <a 'java/lang/NullPointerException'> (0x00000007826ffe70) thrown at [C:\re\workspace\8-2-build-windows-amd64-cygwin\jdk8u161\10277\hotspot\src\share\vm\interpreter\linkResolver.cpp, line 1185]
Event: 1.970 Thread 0x0000000002fa2800 Implicit null exception at 0x000000000330cc96 to 0x000000000330d041
Event: 1.971 Thread 0x0000000002fa2800 Implicit null exception at 0x00000000032b7556 to 0x00000000032b78f9
Event: 2.127 Thread 0x0000000002fa2800 Implicit null exception at 0x000000000366cbc3 to 0x000000000366ce0d

Events (10 events):
Event: 2.508 loading class org/apache/maven/repository/internal/DefaultModelResolver
Event: 2.508 loading class org/apache/maven/repository/internal/DefaultModelResolver done
Event: 2.510 loading class org/apache/maven/repository/internal/DefaultModelCache$Key
Event: 2.510 loading class org/apache/maven/repository/internal/DefaultModelCache$Key done
Event: 2.590 loading class org/apache/maven/repository/internal/ArtifactDescriptorReaderDelegate
Event: 2.590 loading class org/apache/maven/repository/internal/ArtifactDescriptorReaderDelegate done
Event: 2.590 Thread 0x0000000002fa2800 DEOPT PACKING pc=0x00000000035f5136 sp=0x0000000002f9be20
Event: 2.590 Thread 0x0000000002fa2800 DEOPT UNPACKING pc=0x00000000030e7890 sp=0x0000000002f9bb20 mode 0
Event: 2.591 loading class org/eclipse/aether/graph/Dependency$Exclusions
Event: 2.591 loading class org/eclipse/aether/graph/Dependency$Exclusions done


Dynamic libraries:
0x00007ff62e1f0000 - 0x00007ff62e227000 	C:\Program Files\Java\jdk1.8.0_161\bin\javaw.exe
0x00007ffd9d160000 - 0x00007ffd9d350000 	C:\WINDOWS\SYSTEM32\ntdll.dll
0x00007ffd9b920000 - 0x00007ffd9b9d2000 	C:\WINDOWS\System32\KERNEL32.DLL
0x00007ffd9a8d0000 - 0x00007ffd9ab73000 	C:\WINDOWS\System32\KERNELBASE.dll
0x00007ffd9b860000 - 0x00007ffd9b903000 	C:\WINDOWS\System32\ADVAPI32.dll
0x00007ffd9c9a0000 - 0x00007ffd9ca3e000 	C:\WINDOWS\System32\msvcrt.dll
0x00007ffd9c130000 - 0x00007ffd9c1c7000 	C:\WINDOWS\System32\sechost.dll
0x00007ffd9cf50000 - 0x00007ffd9d070000 	C:\WINDOWS\System32\RPCRT4.dll
0x00007ffd9be50000 - 0x00007ffd9bfe4000 	C:\WINDOWS\System32\USER32.dll
0x00007ffd9adf0000 - 0x00007ffd9ae11000 	C:\WINDOWS\System32\win32u.dll
0x00007ffd9b490000 - 0x00007ffd9b4b6000 	C:\WINDOWS\System32\GDI32.dll
0x00007ffd9ae20000 - 0x00007ffd9afb4000 	C:\WINDOWS\System32\gdi32full.dll
0x00007ffd9afc0000 - 0x00007ffd9b05e000 	C:\WINDOWS\System32\msvcp_win.dll
0x00007ffd9b060000 - 0x00007ffd9b15a000 	C:\WINDOWS\System32\ucrtbase.dll
0x00007ffd8b5a0000 - 0x00007ffd8b825000 	C:\WINDOWS\WinSxS\amd64_microsoft.windows.common-controls_6595b64144ccf1df_6.0.18362.476_none_e6c4b11b130f2595\COMCTL32.dll
0x00007ffd9cbf0000 - 0x00007ffd9cf26000 	C:\WINDOWS\System32\combase.dll
0x00007ffd9ab80000 - 0x00007ffd9ac00000 	C:\WINDOWS\System32\bcryptPrimitives.dll
0x00007ffd9b5f0000 - 0x00007ffd9b61e000 	C:\WINDOWS\System32\IMM32.DLL
0x000000005d1f0000 - 0x000000005d2c2000 	C:\Program Files\Java\jdk1.8.0_161\jre\bin\msvcr100.dll
0x000000005b000000 - 0x000000005b89f000 	C:\Program Files\Java\jdk1.8.0_161\jre\bin\server\jvm.dll
0x00007ffd9cf30000 - 0x00007ffd9cf38000 	C:\WINDOWS\System32\PSAPI.DLL
0x00007ffd81c20000 - 0x00007ffd81c29000 	C:\WINDOWS\SYSTEM32\WSOCK32.dll
0x00007ffd9b7f0000 - 0x00007ffd9b85f000 	C:\WINDOWS\System32\WS2_32.dll
0x00007ffd96e50000 - 0x00007ffd96e74000 	C:\WINDOWS\SYSTEM32\WINMM.dll
0x00007ffd96580000 - 0x00007ffd965ad000 	C:\WINDOWS\SYSTEM32\WINMMBASE.dll
0x00007ffd9ada0000 - 0x00007ffd9adea000 	C:\WINDOWS\System32\cfgmgr32.dll
0x00007ffd93bf0000 - 0x00007ffd93bfa000 	C:\WINDOWS\SYSTEM32\VERSION.dll
0x000000005d1e0000 - 0x000000005d1ef000 	C:\Program Files\Java\jdk1.8.0_161\jre\bin\verify.dll
0x000000005d0e0000 - 0x000000005d109000 	C:\Program Files\Java\jdk1.8.0_161\jre\bin\java.dll
0x000000005d0c0000 - 0x000000005d0d6000 	C:\Program Files\Java\jdk1.8.0_161\jre\bin\zip.dll
0x00007ffd9c2b0000 - 0x00007ffd9c995000 	C:\WINDOWS\System32\SHELL32.dll
0x00007ffd9d070000 - 0x00007ffd9d119000 	C:\WINDOWS\System32\shcore.dll
0x00007ffd9a150000 - 0x00007ffd9a8ce000 	C:\WINDOWS\System32\windows.storage.dll
0x00007ffd9a0d0000 - 0x00007ffd9a0ef000 	C:\WINDOWS\System32\profapi.dll
0x00007ffd9a080000 - 0x00007ffd9a0ca000 	C:\WINDOWS\System32\powrprof.dll
0x00007ffd9a030000 - 0x00007ffd9a040000 	C:\WINDOWS\System32\UMPDC.dll
0x00007ffd9c1d0000 - 0x00007ffd9c222000 	C:\WINDOWS\System32\shlwapi.dll
0x00007ffd9a040000 - 0x00007ffd9a051000 	C:\WINDOWS\System32\kernel.appcore.dll
0x00007ffd9ad50000 - 0x00007ffd9ad67000 	C:\WINDOWS\System32\cryptsp.dll
0x00007ffd993b0000 - 0x00007ffd993e3000 	C:\WINDOWS\system32\rsaenh.dll
0x00007ffd9ad70000 - 0x00007ffd9ad96000 	C:\WINDOWS\System32\bcrypt.dll
0x00007ffd99f20000 - 0x00007ffd99f45000 	C:\WINDOWS\SYSTEM32\USERENV.dll
0x00007ffd99a70000 - 0x00007ffd99a7c000 	C:\WINDOWS\SYSTEM32\CRYPTBASE.dll
0x000000005d0a0000 - 0x000000005d0ba000 	C:\Program Files\Java\jdk1.8.0_161\jre\bin\net.dll
0x00007ffd998a0000 - 0x00007ffd99907000 	C:\WINDOWS\system32\mswsock.dll
0x00007ffd99550000 - 0x00007ffd9958a000 	C:\WINDOWS\SYSTEM32\IPHLPAPI.DLL
0x00007ffd9cf40000 - 0x00007ffd9cf48000 	C:\WINDOWS\System32\NSI.dll
0x00007ffd93a80000 - 0x00007ffd93a96000 	C:\WINDOWS\SYSTEM32\dhcpcsvc6.DLL
0x00007ffd93a60000 - 0x00007ffd93a7c000 	C:\WINDOWS\SYSTEM32\dhcpcsvc.DLL
0x00007ffd99590000 - 0x00007ffd9965a000 	C:\WINDOWS\SYSTEM32\DNSAPI.dll
0x000000005d080000 - 0x000000005d091000 	C:\Program Files\Java\jdk1.8.0_161\jre\bin\nio.dll
0x00007ffd96d50000 - 0x00007ffd96d5a000 	C:\Users\JMATOS\AppData\Local\Temp\jansi-1.17-2667783175635214969.dll
0x00007ffd94a20000 - 0x00007ffd94a2a000 	C:\Users\JMATOS\AppData\Local\Temp\jansi-1.17-7665099241803276596.dll

VM Arguments:
jvm_args: -Dmaven.home=EMBEDDED -Dclassworlds.conf=D:\proyectos\laser-restoration\orhqrsys-onp\.metadata\.plugins\org.eclipse.m2e.launching\launches\m2conf6434149045677403292.tmp -Dmaven.multiModuleProjectDirectory=D:\proyectos\laser-restoration\orhqrsys-onp\ORHQRSYS -Dfile.encoding=Cp1252 
java_command: org.codehaus.plexus.classworlds.launcher.Launcher -Ppom.xml -B install
java_class_path (initial): C:\sw\sts\sts-3.9.8.RELEASE\sts-3.9.8.RELEASE\plugins\org.eclipse.m2e.maven.runtime_1.11.0.20190220-2117\jars\plexus-classworlds-2.5.2.jar
Launcher Type: SUN_STANDARD

Environment Variables:
JAVA_HOME=C:\Program Files\Java\jdk1.6.0_45
CLASSPATH=%JAVA_HOME%\src.zip
PATH=C:\Python27\;C:\Python27\Scripts;C:\Windows\system32;C:\Windows;C:\Windows\System32\Wbem;C:\Windows\System32\WindowsPowerShell\v1.0\;C:\Program Files (x86)\NVIDIA Corporation\PhysX\Common;C:\Program Files\Cloud Foundry;C:\Program Files\Git\cmd;C:\Program Files\Git\mingw64\bin;C:\Program Files\Git\usr\bin;C:\Program Files\Java\jdk1.6.0_45\bin;C:\sw\apache-maven-3.5.0\bin;C:\WINDOWS\system32;C:\WINDOWS;C:\WINDOWS\System32\Wbem;C:\WINDOWS\System32\WindowsPowerShell\v1.0\;C:\WINDOWS\System32\OpenSSH\;C:\Program Files\SourceGear\Common\DiffMerge\;C:\Program Files\PuTTY\;C:\oraclexe\app\oracle\product\11.2.0\server\bin;C:\Program Files\RabbitMQ Server\rabbitmq_server-3.8.1\sbin;C:\Program Files\nodejs\;C:\ProgramData\chocolatey\bin;C:\Users\JMATOS\AppData\Local\Microsoft\WindowsApps;C:\Program Files\Microsoft VS Code\bin;C:\Users\JMATOS\AppData\Local\Programs\Microsoft VS Code\bin;C:\Users\JMATOS\AppData\Roaming\npm
USERNAME=JMATOS
OS=Windows_NT
PROCESSOR_IDENTIFIER=Intel64 Family 6 Model 142 Stepping 9, GenuineIntel



---------------  S Y S T E M  ---------------

OS: Windows 10.0 , 64 bit Build 18362 (10.0.18362.329)

CPU:total 4 (initial active 4) (2 cores per cpu, 2 threads per core) family 6 model 142 stepping 9, cmov, cx8, fxsr, mmx, sse, sse2, sse3, ssse3, sse4.1, sse4.2, popcnt, avx, avx2, aes, clmul, erms, 3dnowpref, lzcnt, ht, tsc, tscinvbit, bmi1, bmi2, adx

Memory: 4k page, physical 12480740k(3889700k free), swap 12480740k(7936k free)

vm_info: Java HotSpot(TM) 64-Bit Server VM (25.161-b12) for windows-amd64 JRE (1.8.0_161-b12), built on Dec 19 2017 17:52:25 by "java_re" with MS VC++ 10.0 (VS2010)

time: Thu Dec 05 09:50:45 2019
elapsed time: 2 seconds (0d 0h 0m 2s)

